epoch:  0/ 150 iter:   0/ 125  |  loss_1: 2.303  acc_1: 0.083  |  loss_2:2.304  acc_2: 0.090
epoch:  0/ 150 iter:  10/ 125  |  loss_1: 2.301  acc_1: 0.120  |  loss_2:2.298  acc_2: 0.165
epoch:  0/ 150 iter:  20/ 125  |  loss_1: 2.288  acc_1: 0.200  |  loss_2:2.289  acc_2: 0.188
epoch:  0/ 150 iter:  30/ 125  |  loss_1: 2.288  acc_1: 0.150  |  loss_2:2.280  acc_2: 0.168
epoch:  0/ 150 iter:  40/ 125  |  loss_1: 2.272  acc_1: 0.192  |  loss_2:2.252  acc_2: 0.222
epoch:  0/ 150 iter:  50/ 125  |  loss_1: 2.265  acc_1: 0.222  |  loss_2:2.250  acc_2: 0.218
epoch:  0/ 150 iter:  60/ 125  |  loss_1: 2.254  acc_1: 0.220  |  loss_2:2.226  acc_2: 0.257
epoch:  0/ 150 iter:  70/ 125  |  loss_1: 2.248  acc_1: 0.215  |  loss_2:2.238  acc_2: 0.213
epoch:  0/ 150 iter:  80/ 125  |  loss_1: 2.221  acc_1: 0.273  |  loss_2:2.209  acc_2: 0.243
epoch:  0/ 150 iter:  90/ 125  |  loss_1: 2.242  acc_1: 0.207  |  loss_2:2.239  acc_2: 0.210
epoch:  0/ 150 iter: 100/ 125  |  loss_1: 2.201  acc_1: 0.250  |  loss_2:2.191  acc_2: 0.273
epoch:  0/ 150 iter: 110/ 125  |  loss_1: 2.213  acc_1: 0.237  |  loss_2:2.193  acc_2: 0.237
epoch:  0/ 150 iter: 120/ 125  |  loss_1: 2.194  acc_1: 0.262  |  loss_2:2.176  acc_2: 0.265
epoch:  1/ 150 iter:   0/ 125  |  loss_1: 2.193  acc_1: 0.255  |  loss_2:2.198  acc_2: 0.255
epoch:  1/ 150 iter:  10/ 125  |  loss_1: 2.184  acc_1: 0.273  |  loss_2:2.156  acc_2: 0.305
epoch:  1/ 150 iter:  20/ 125  |  loss_1: 2.178  acc_1: 0.278  |  loss_2:2.178  acc_2: 0.295
epoch:  1/ 150 iter:  30/ 125  |  loss_1: 2.172  acc_1: 0.282  |  loss_2:2.178  acc_2: 0.268
epoch:  1/ 150 iter:  40/ 125  |  loss_1: 2.155  acc_1: 0.298  |  loss_2:2.148  acc_2: 0.315
epoch:  1/ 150 iter:  50/ 125  |  loss_1: 2.210  acc_1: 0.235  |  loss_2:2.179  acc_2: 0.275
epoch:  1/ 150 iter:  60/ 125  |  loss_1: 2.143  acc_1: 0.310  |  loss_2:2.149  acc_2: 0.300
epoch:  1/ 150 iter:  70/ 125  |  loss_1: 2.153  acc_1: 0.300  |  loss_2:2.146  acc_2: 0.303
epoch:  1/ 150 iter:  80/ 125  |  loss_1: 2.196  acc_1: 0.243  |  loss_2:2.190  acc_2: 0.248
epoch:  1/ 150 iter:  90/ 125  |  loss_1: 2.208  acc_1: 0.222  |  loss_2:2.182  acc_2: 0.275
epoch:  1/ 150 iter: 100/ 125  |  loss_1: 2.173  acc_1: 0.275  |  loss_2:2.152  acc_2: 0.305
epoch:  1/ 150 iter: 110/ 125  |  loss_1: 2.183  acc_1: 0.257  |  loss_2:2.147  acc_2: 0.292
epoch:  1/ 150 iter: 120/ 125  |  loss_1: 2.154  acc_1: 0.298  |  loss_2:2.133  acc_2: 0.325
epoch:  2/ 150 iter:   0/ 125  |  loss_1: 2.166  acc_1: 0.280  |  loss_2:2.113  acc_2: 0.338
epoch:  2/ 150 iter:  10/ 125  |  loss_1: 2.200  acc_1: 0.257  |  loss_2:2.182  acc_2: 0.268
epoch:  2/ 150 iter:  20/ 125  |  loss_1: 2.122  acc_1: 0.327  |  loss_2:2.110  acc_2: 0.352
epoch:  2/ 150 iter:  30/ 125  |  loss_1: 2.137  acc_1: 0.325  |  loss_2:2.121  acc_2: 0.325
epoch:  2/ 150 iter:  40/ 125  |  loss_1: 2.105  acc_1: 0.363  |  loss_2:2.095  acc_2: 0.357
epoch:  2/ 150 iter:  50/ 125  |  loss_1: 2.145  acc_1: 0.308  |  loss_2:2.125  acc_2: 0.335
epoch:  2/ 150 iter:  60/ 125  |  loss_1: 2.083  acc_1: 0.387  |  loss_2:2.055  acc_2: 0.415
epoch:  2/ 150 iter:  70/ 125  |  loss_1: 2.166  acc_1: 0.285  |  loss_2:2.152  acc_2: 0.298
epoch:  2/ 150 iter:  80/ 125  |  loss_1: 2.102  acc_1: 0.368  |  loss_2:2.092  acc_2: 0.360
epoch:  2/ 150 iter:  90/ 125  |  loss_1: 2.107  acc_1: 0.355  |  loss_2:2.094  acc_2: 0.352
epoch:  2/ 150 iter: 100/ 125  |  loss_1: 2.132  acc_1: 0.330  |  loss_2:2.122  acc_2: 0.330
epoch:  2/ 150 iter: 110/ 125  |  loss_1: 2.081  acc_1: 0.385  |  loss_2:2.091  acc_2: 0.375
epoch:  2/ 150 iter: 120/ 125  |  loss_1: 2.108  acc_1: 0.350  |  loss_2:2.077  acc_2: 0.398
epoch:  3/ 150 iter:   0/ 125  |  loss_1: 2.100  acc_1: 0.352  |  loss_2:2.116  acc_2: 0.322
epoch:  3/ 150 iter:  10/ 125  |  loss_1: 2.097  acc_1: 0.360  |  loss_2:2.118  acc_2: 0.322
epoch:  3/ 150 iter:  20/ 125  |  loss_1: 2.113  acc_1: 0.343  |  loss_2:2.102  acc_2: 0.357
epoch:  3/ 150 iter:  30/ 125  |  loss_1: 2.107  acc_1: 0.360  |  loss_2:2.114  acc_2: 0.333
epoch:  3/ 150 iter:  40/ 125  |  loss_1: 2.087  acc_1: 0.373  |  loss_2:2.083  acc_2: 0.385
epoch:  3/ 150 iter:  50/ 125  |  loss_1: 2.098  acc_1: 0.343  |  loss_2:2.106  acc_2: 0.343
epoch:  3/ 150 iter:  60/ 125  |  loss_1: 2.137  acc_1: 0.305  |  loss_2:2.132  acc_2: 0.330
epoch:  3/ 150 iter:  70/ 125  |  loss_1: 2.120  acc_1: 0.317  |  loss_2:2.109  acc_2: 0.352
epoch:  3/ 150 iter:  80/ 125  |  loss_1: 2.100  acc_1: 0.347  |  loss_2:2.071  acc_2: 0.385
epoch:  3/ 150 iter:  90/ 125  |  loss_1: 2.090  acc_1: 0.370  |  loss_2:2.085  acc_2: 0.363
epoch:  3/ 150 iter: 100/ 125  |  loss_1: 2.092  acc_1: 0.360  |  loss_2:2.115  acc_2: 0.335
epoch:  3/ 150 iter: 110/ 125  |  loss_1: 2.111  acc_1: 0.335  |  loss_2:2.128  acc_2: 0.322
epoch:  3/ 150 iter: 120/ 125  |  loss_1: 2.128  acc_1: 0.322  |  loss_2:2.093  acc_2: 0.357
epoch:  4/ 150 iter:   0/ 125  |  loss_1: 2.098  acc_1: 0.357  |  loss_2:2.100  acc_2: 0.347
epoch:  4/ 150 iter:  10/ 125  |  loss_1: 2.115  acc_1: 0.338  |  loss_2:2.078  acc_2: 0.375
epoch:  4/ 150 iter:  20/ 125  |  loss_1: 2.094  acc_1: 0.360  |  loss_2:2.083  acc_2: 0.380
epoch:  4/ 150 iter:  30/ 125  |  loss_1: 2.092  acc_1: 0.363  |  loss_2:2.088  acc_2: 0.357
epoch:  4/ 150 iter:  40/ 125  |  loss_1: 2.079  acc_1: 0.380  |  loss_2:2.062  acc_2: 0.403
epoch:  4/ 150 iter:  50/ 125  |  loss_1: 2.068  acc_1: 0.393  |  loss_2:2.066  acc_2: 0.395
epoch:  4/ 150 iter:  60/ 125  |  loss_1: 2.113  acc_1: 0.338  |  loss_2:2.068  acc_2: 0.393
epoch:  4/ 150 iter:  70/ 125  |  loss_1: 2.103  acc_1: 0.350  |  loss_2:2.087  acc_2: 0.377
epoch:  4/ 150 iter:  80/ 125  |  loss_1: 2.097  acc_1: 0.355  |  loss_2:2.096  acc_2: 0.363
epoch:  4/ 150 iter:  90/ 125  |  loss_1: 2.072  acc_1: 0.382  |  loss_2:2.081  acc_2: 0.370
epoch:  4/ 150 iter: 100/ 125  |  loss_1: 2.099  acc_1: 0.350  |  loss_2:2.072  acc_2: 0.380
epoch:  4/ 150 iter: 110/ 125  |  loss_1: 2.092  acc_1: 0.365  |  loss_2:2.094  acc_2: 0.357
epoch:  4/ 150 iter: 120/ 125  |  loss_1: 2.083  acc_1: 0.377  |  loss_2:2.093  acc_2: 0.355
epoch:  5/ 150 iter:   0/ 125  |  loss_1: 2.088  acc_1: 0.365  |  loss_2:2.080  acc_2: 0.377
epoch:  5/ 150 iter:  10/ 125  |  loss_1: 2.077  acc_1: 0.380  |  loss_2:2.062  acc_2: 0.400
epoch:  5/ 150 iter:  20/ 125  |  loss_1: 2.092  acc_1: 0.347  |  loss_2:2.089  acc_2: 0.363
epoch:  5/ 150 iter:  30/ 125  |  loss_1: 2.070  acc_1: 0.382  |  loss_2:2.059  acc_2: 0.390
epoch:  5/ 150 iter:  40/ 125  |  loss_1: 2.115  acc_1: 0.322  |  loss_2:2.059  acc_2: 0.398
epoch:  5/ 150 iter:  50/ 125  |  loss_1: 2.058  acc_1: 0.398  |  loss_2:2.080  acc_2: 0.380
epoch:  5/ 150 iter:  60/ 125  |  loss_1: 2.054  acc_1: 0.410  |  loss_2:2.055  acc_2: 0.407
epoch:  5/ 150 iter:  70/ 125  |  loss_1: 2.115  acc_1: 0.340  |  loss_2:2.082  acc_2: 0.382
epoch:  5/ 150 iter:  80/ 125  |  loss_1: 2.054  acc_1: 0.415  |  loss_2:2.051  acc_2: 0.407
epoch:  5/ 150 iter:  90/ 125  |  loss_1: 2.096  acc_1: 0.347  |  loss_2:2.091  acc_2: 0.355
epoch:  5/ 150 iter: 100/ 125  |  loss_1: 2.021  acc_1: 0.435  |  loss_2:2.009  acc_2: 0.458
epoch:  5/ 150 iter: 110/ 125  |  loss_1: 2.072  acc_1: 0.387  |  loss_2:2.071  acc_2: 0.382
epoch:  5/ 150 iter: 120/ 125  |  loss_1: 2.095  acc_1: 0.352  |  loss_2:2.088  acc_2: 0.375
epoch:  6/ 150 iter:   0/ 125  |  loss_1: 2.083  acc_1: 0.375  |  loss_2:2.072  acc_2: 0.385
epoch:  6/ 150 iter:  10/ 125  |  loss_1: 2.040  acc_1: 0.423  |  loss_2:2.016  acc_2: 0.430
epoch:  6/ 150 iter:  20/ 125  |  loss_1: 2.074  acc_1: 0.385  |  loss_2:2.060  acc_2: 0.403
epoch:  6/ 150 iter:  30/ 125  |  loss_1: 2.062  acc_1: 0.395  |  loss_2:2.022  acc_2: 0.442
epoch:  6/ 150 iter:  40/ 125  |  loss_1: 2.069  acc_1: 0.390  |  loss_2:2.032  acc_2: 0.428
epoch:  6/ 150 iter:  50/ 125  |  loss_1: 2.051  acc_1: 0.398  |  loss_2:2.051  acc_2: 0.410
epoch:  6/ 150 iter:  60/ 125  |  loss_1: 2.097  acc_1: 0.363  |  loss_2:2.064  acc_2: 0.400
epoch:  6/ 150 iter:  70/ 125  |  loss_1: 2.046  acc_1: 0.400  |  loss_2:2.035  acc_2: 0.423
epoch:  6/ 150 iter:  80/ 125  |  loss_1: 2.093  acc_1: 0.357  |  loss_2:2.076  acc_2: 0.380
epoch:  6/ 150 iter:  90/ 125  |  loss_1: 2.056  acc_1: 0.412  |  loss_2:2.044  acc_2: 0.415
epoch:  6/ 150 iter: 100/ 125  |  loss_1: 2.073  acc_1: 0.385  |  loss_2:2.059  acc_2: 0.398
epoch:  6/ 150 iter: 110/ 125  |  loss_1: 2.087  acc_1: 0.365  |  loss_2:2.078  acc_2: 0.375
epoch:  6/ 150 iter: 120/ 125  |  loss_1: 2.054  acc_1: 0.405  |  loss_2:2.045  acc_2: 0.412
epoch:  7/ 150 iter:   0/ 125  |  loss_1: 2.062  acc_1: 0.407  |  loss_2:2.063  acc_2: 0.398
epoch:  7/ 150 iter:  10/ 125  |  loss_1: 2.019  acc_1: 0.442  |  loss_2:2.025  acc_2: 0.433
epoch:  7/ 150 iter:  20/ 125  |  loss_1: 2.073  acc_1: 0.380  |  loss_2:2.044  acc_2: 0.415
epoch:  7/ 150 iter:  30/ 125  |  loss_1: 2.046  acc_1: 0.405  |  loss_2:2.038  acc_2: 0.415
epoch:  7/ 150 iter:  40/ 125  |  loss_1: 2.066  acc_1: 0.387  |  loss_2:2.033  acc_2: 0.423
epoch:  7/ 150 iter:  50/ 125  |  loss_1: 2.030  acc_1: 0.430  |  loss_2:2.014  acc_2: 0.450
epoch:  7/ 150 iter:  60/ 125  |  loss_1: 2.048  acc_1: 0.405  |  loss_2:2.060  acc_2: 0.390
epoch:  7/ 150 iter:  70/ 125  |  loss_1: 2.014  acc_1: 0.447  |  loss_2:2.047  acc_2: 0.400
epoch:  7/ 150 iter:  80/ 125  |  loss_1: 2.040  acc_1: 0.420  |  loss_2:2.073  acc_2: 0.370
epoch:  7/ 150 iter:  90/ 125  |  loss_1: 2.034  acc_1: 0.428  |  loss_2:2.028  acc_2: 0.433
epoch:  7/ 150 iter: 100/ 125  |  loss_1: 2.091  acc_1: 0.363  |  loss_2:2.100  acc_2: 0.357
epoch:  7/ 150 iter: 110/ 125  |  loss_1: 2.073  acc_1: 0.390  |  loss_2:2.050  acc_2: 0.400
epoch:  7/ 150 iter: 120/ 125  |  loss_1: 2.061  acc_1: 0.407  |  loss_2:2.038  acc_2: 0.415
epoch:  8/ 150 iter:   0/ 125  |  loss_1: 2.019  acc_1: 0.440  |  loss_2:2.011  acc_2: 0.450
epoch:  8/ 150 iter:  10/ 125  |  loss_1: 2.046  acc_1: 0.410  |  loss_2:1.998  acc_2: 0.458
epoch:  8/ 150 iter:  20/ 125  |  loss_1: 2.072  acc_1: 0.382  |  loss_2:2.085  acc_2: 0.365
epoch:  8/ 150 iter:  30/ 125  |  loss_1: 2.035  acc_1: 0.428  |  loss_2:2.040  acc_2: 0.410
epoch:  8/ 150 iter:  40/ 125  |  loss_1: 2.052  acc_1: 0.410  |  loss_2:2.017  acc_2: 0.430
epoch:  8/ 150 iter:  50/ 125  |  loss_1: 2.001  acc_1: 0.458  |  loss_2:1.997  acc_2: 0.463
epoch:  8/ 150 iter:  60/ 125  |  loss_1: 2.053  acc_1: 0.407  |  loss_2:2.046  acc_2: 0.420
epoch:  8/ 150 iter:  70/ 125  |  loss_1: 2.079  acc_1: 0.377  |  loss_2:2.036  acc_2: 0.425
epoch:  8/ 150 iter:  80/ 125  |  loss_1: 2.060  acc_1: 0.395  |  loss_2:2.057  acc_2: 0.395
epoch:  8/ 150 iter:  90/ 125  |  loss_1: 2.101  acc_1: 0.350  |  loss_2:2.086  acc_2: 0.360
epoch:  8/ 150 iter: 100/ 125  |  loss_1: 2.042  acc_1: 0.405  |  loss_2:1.988  acc_2: 0.477
epoch:  8/ 150 iter: 110/ 125  |  loss_1: 2.036  acc_1: 0.425  |  loss_2:2.027  acc_2: 0.442
epoch:  8/ 150 iter: 120/ 125  |  loss_1: 2.054  acc_1: 0.412  |  loss_2:2.037  acc_2: 0.423
epoch:  9/ 150 iter:   0/ 125  |  loss_1: 2.037  acc_1: 0.430  |  loss_2:2.019  acc_2: 0.440
epoch:  9/ 150 iter:  10/ 125  |  loss_1: 2.057  acc_1: 0.410  |  loss_2:2.049  acc_2: 0.405
epoch:  9/ 150 iter:  20/ 125  |  loss_1: 2.066  acc_1: 0.398  |  loss_2:2.050  acc_2: 0.395
epoch:  9/ 150 iter:  30/ 125  |  loss_1: 2.027  acc_1: 0.435  |  loss_2:2.012  acc_2: 0.428
epoch:  9/ 150 iter:  40/ 125  |  loss_1: 2.049  acc_1: 0.405  |  loss_2:2.012  acc_2: 0.450
epoch:  9/ 150 iter:  50/ 125  |  loss_1: 2.047  acc_1: 0.410  |  loss_2:2.021  acc_2: 0.433
epoch:  9/ 150 iter:  60/ 125  |  loss_1: 2.012  acc_1: 0.452  |  loss_2:2.028  acc_2: 0.435
epoch:  9/ 150 iter:  70/ 125  |  loss_1: 2.021  acc_1: 0.433  |  loss_2:2.027  acc_2: 0.438
epoch:  9/ 150 iter:  80/ 125  |  loss_1: 2.042  acc_1: 0.398  |  loss_2:1.992  acc_2: 0.480
epoch:  9/ 150 iter:  90/ 125  |  loss_1: 2.068  acc_1: 0.393  |  loss_2:2.057  acc_2: 0.400
epoch:  9/ 150 iter: 100/ 125  |  loss_1: 2.036  acc_1: 0.420  |  loss_2:2.034  acc_2: 0.423
epoch:  9/ 150 iter: 110/ 125  |  loss_1: 2.008  acc_1: 0.460  |  loss_2:2.039  acc_2: 0.415
epoch:  9/ 150 iter: 120/ 125  |  loss_1: 2.041  acc_1: 0.425  |  loss_2:2.000  acc_2: 0.468
epoch: 10/ 150 iter:   0/ 125  |  loss_1: 2.061  acc_1: 0.387  |  loss_2:2.043  acc_2: 0.415
epoch: 10/ 150 iter:  10/ 125  |  loss_1: 2.079  acc_1: 0.377  |  loss_2:2.079  acc_2: 0.373
epoch: 10/ 150 iter:  20/ 125  |  loss_1: 2.035  acc_1: 0.425  |  loss_2:2.044  acc_2: 0.407
epoch: 10/ 150 iter:  30/ 125  |  loss_1: 2.033  acc_1: 0.423  |  loss_2:2.013  acc_2: 0.442
epoch: 10/ 150 iter:  40/ 125  |  loss_1: 2.036  acc_1: 0.433  |  loss_2:2.042  acc_2: 0.412
epoch: 10/ 150 iter:  50/ 125  |  loss_1: 2.075  acc_1: 0.385  |  loss_2:2.045  acc_2: 0.425
epoch: 10/ 150 iter:  60/ 125  |  loss_1: 2.063  acc_1: 0.398  |  loss_2:2.050  acc_2: 0.405
epoch: 10/ 150 iter:  70/ 125  |  loss_1: 2.056  acc_1: 0.403  |  loss_2:2.046  acc_2: 0.405
epoch: 10/ 150 iter:  80/ 125  |  loss_1: 2.046  acc_1: 0.407  |  loss_2:2.022  acc_2: 0.433
epoch: 10/ 150 iter:  90/ 125  |  loss_1: 1.995  acc_1: 0.470  |  loss_2:1.981  acc_2: 0.475
epoch: 10/ 150 iter: 100/ 125  |  loss_1: 2.055  acc_1: 0.400  |  loss_2:2.047  acc_2: 0.407
epoch: 10/ 150 iter: 110/ 125  |  loss_1: 2.075  acc_1: 0.382  |  loss_2:2.021  acc_2: 0.433
epoch: 10/ 150 iter: 120/ 125  |  loss_1: 2.062  acc_1: 0.385  |  loss_2:2.009  acc_2: 0.455
epoch: 11/ 150 iter:   0/ 125  |  loss_1: 2.055  acc_1: 0.407  |  loss_2:1.997  acc_2: 0.476
epoch: 11/ 150 iter:  10/ 125  |  loss_1: 2.054  acc_1: 0.406  |  loss_2:1.982  acc_2: 0.467
epoch: 11/ 150 iter:  20/ 125  |  loss_1: 1.985  acc_1: 0.476  |  loss_2:1.952  acc_2: 0.511
epoch: 11/ 150 iter:  30/ 125  |  loss_1: 2.025  acc_1: 0.424  |  loss_2:1.974  acc_2: 0.475
epoch: 11/ 150 iter:  40/ 125  |  loss_1: 2.008  acc_1: 0.452  |  loss_2:2.018  acc_2: 0.444
epoch: 11/ 150 iter:  50/ 125  |  loss_1: 1.975  acc_1: 0.488  |  loss_2:1.976  acc_2: 0.478
epoch: 11/ 150 iter:  60/ 125  |  loss_1: 2.034  acc_1: 0.412  |  loss_2:1.982  acc_2: 0.471
epoch: 11/ 150 iter:  70/ 125  |  loss_1: 1.962  acc_1: 0.495  |  loss_2:2.022  acc_2: 0.430
epoch: 11/ 150 iter:  80/ 125  |  loss_1: 2.003  acc_1: 0.461  |  loss_2:2.025  acc_2: 0.424
epoch: 11/ 150 iter:  90/ 125  |  loss_1: 1.993  acc_1: 0.452  |  loss_2:1.981  acc_2: 0.469
epoch: 11/ 150 iter: 100/ 125  |  loss_1: 1.962  acc_1: 0.505  |  loss_2:1.992  acc_2: 0.469
epoch: 11/ 150 iter: 110/ 125  |  loss_1: 2.006  acc_1: 0.459  |  loss_2:2.012  acc_2: 0.443
epoch: 11/ 150 iter: 120/ 125  |  loss_1: 2.020  acc_1: 0.440  |  loss_2:1.988  acc_2: 0.471
epoch: 12/ 150 iter:   0/ 125  |  loss_1: 1.968  acc_1: 0.492  |  loss_2:2.030  acc_2: 0.436
epoch: 12/ 150 iter:  10/ 125  |  loss_1: 2.022  acc_1: 0.440  |  loss_2:1.997  acc_2: 0.458
epoch: 12/ 150 iter:  20/ 125  |  loss_1: 2.056  acc_1: 0.392  |  loss_2:1.973  acc_2: 0.477
epoch: 12/ 150 iter:  30/ 125  |  loss_1: 2.015  acc_1: 0.444  |  loss_2:1.974  acc_2: 0.494
epoch: 12/ 150 iter:  40/ 125  |  loss_1: 1.984  acc_1: 0.482  |  loss_2:1.991  acc_2: 0.468
epoch: 12/ 150 iter:  50/ 125  |  loss_1: 1.987  acc_1: 0.479  |  loss_2:1.996  acc_2: 0.468
epoch: 12/ 150 iter:  60/ 125  |  loss_1: 2.042  acc_1: 0.408  |  loss_2:2.025  acc_2: 0.426
epoch: 12/ 150 iter:  70/ 125  |  loss_1: 1.987  acc_1: 0.478  |  loss_2:2.018  acc_2: 0.432
epoch: 12/ 150 iter:  80/ 125  |  loss_1: 2.006  acc_1: 0.443  |  loss_2:2.018  acc_2: 0.429
epoch: 12/ 150 iter:  90/ 125  |  loss_1: 1.993  acc_1: 0.457  |  loss_2:2.037  acc_2: 0.416
epoch: 12/ 150 iter: 100/ 125  |  loss_1: 2.029  acc_1: 0.430  |  loss_2:2.036  acc_2: 0.426
epoch: 12/ 150 iter: 110/ 125  |  loss_1: 2.003  acc_1: 0.455  |  loss_2:1.969  acc_2: 0.498
epoch: 12/ 150 iter: 120/ 125  |  loss_1: 2.007  acc_1: 0.446  |  loss_2:2.001  acc_2: 0.451
epoch: 13/ 150 iter:   0/ 125  |  loss_1: 2.010  acc_1: 0.447  |  loss_2:2.029  acc_2: 0.426
epoch: 13/ 150 iter:  10/ 125  |  loss_1: 1.963  acc_1: 0.498  |  loss_2:1.990  acc_2: 0.463
epoch: 13/ 150 iter:  20/ 125  |  loss_1: 2.009  acc_1: 0.438  |  loss_2:1.977  acc_2: 0.487
epoch: 13/ 150 iter:  30/ 125  |  loss_1: 2.008  acc_1: 0.443  |  loss_2:2.035  acc_2: 0.423
epoch: 13/ 150 iter:  40/ 125  |  loss_1: 1.989  acc_1: 0.475  |  loss_2:1.999  acc_2: 0.456
epoch: 13/ 150 iter:  50/ 125  |  loss_1: 1.976  acc_1: 0.486  |  loss_2:2.031  acc_2: 0.424
epoch: 13/ 150 iter:  60/ 125  |  loss_1: 1.960  acc_1: 0.498  |  loss_2:2.044  acc_2: 0.410
epoch: 13/ 150 iter:  70/ 125  |  loss_1: 2.037  acc_1: 0.416  |  loss_2:2.011  acc_2: 0.453
epoch: 13/ 150 iter:  80/ 125  |  loss_1: 2.014  acc_1: 0.453  |  loss_2:1.985  acc_2: 0.469
epoch: 13/ 150 iter:  90/ 125  |  loss_1: 2.020  acc_1: 0.429  |  loss_2:2.006  acc_2: 0.455
epoch: 13/ 150 iter: 100/ 125  |  loss_1: 1.989  acc_1: 0.469  |  loss_2:1.964  acc_2: 0.486
epoch: 13/ 150 iter: 110/ 125  |  loss_1: 2.051  acc_1: 0.406  |  loss_2:1.978  acc_2: 0.487
epoch: 13/ 150 iter: 120/ 125  |  loss_1: 2.014  acc_1: 0.448  |  loss_2:2.022  acc_2: 0.436
epoch: 14/ 150 iter:   0/ 125  |  loss_1: 2.036  acc_1: 0.422  |  loss_2:2.014  acc_2: 0.443
epoch: 14/ 150 iter:  10/ 125  |  loss_1: 2.010  acc_1: 0.452  |  loss_2:2.015  acc_2: 0.442
epoch: 14/ 150 iter:  20/ 125  |  loss_1: 1.969  acc_1: 0.489  |  loss_2:1.996  acc_2: 0.455
epoch: 14/ 150 iter:  30/ 125  |  loss_1: 1.993  acc_1: 0.464  |  loss_2:1.995  acc_2: 0.465
epoch: 14/ 150 iter:  40/ 125  |  loss_1: 2.011  acc_1: 0.443  |  loss_2:2.015  acc_2: 0.455
epoch: 14/ 150 iter:  50/ 125  |  loss_1: 1.996  acc_1: 0.467  |  loss_2:2.016  acc_2: 0.440
epoch: 14/ 150 iter:  60/ 125  |  loss_1: 2.009  acc_1: 0.461  |  loss_2:2.007  acc_2: 0.447
epoch: 14/ 150 iter:  70/ 125  |  loss_1: 2.030  acc_1: 0.430  |  loss_2:2.012  acc_2: 0.442
epoch: 14/ 150 iter:  80/ 125  |  loss_1: 1.989  acc_1: 0.463  |  loss_2:1.965  acc_2: 0.490
epoch: 14/ 150 iter:  90/ 125  |  loss_1: 2.013  acc_1: 0.440  |  loss_2:1.956  acc_2: 0.505
epoch: 14/ 150 iter: 100/ 125  |  loss_1: 1.958  acc_1: 0.497  |  loss_2:1.952  acc_2: 0.514
epoch: 14/ 150 iter: 110/ 125  |  loss_1: 2.027  acc_1: 0.429  |  loss_2:1.959  acc_2: 0.506
epoch: 14/ 150 iter: 120/ 125  |  loss_1: 1.992  acc_1: 0.472  |  loss_2:1.971  acc_2: 0.494
epoch: 15/ 150 iter:   0/ 125  |  loss_1: 1.992  acc_1: 0.456  |  loss_2:2.003  acc_2: 0.456
epoch: 15/ 150 iter:  10/ 125  |  loss_1: 1.935  acc_1: 0.524  |  loss_2:2.018  acc_2: 0.424
epoch: 15/ 150 iter:  20/ 125  |  loss_1: 2.020  acc_1: 0.433  |  loss_2:2.032  acc_2: 0.427
epoch: 15/ 150 iter:  30/ 125  |  loss_1: 2.021  acc_1: 0.439  |  loss_2:2.000  acc_2: 0.463
epoch: 15/ 150 iter:  40/ 125  |  loss_1: 2.026  acc_1: 0.437  |  loss_2:2.054  acc_2: 0.397
epoch: 15/ 150 iter:  50/ 125  |  loss_1: 2.010  acc_1: 0.456  |  loss_2:1.976  acc_2: 0.493
epoch: 15/ 150 iter:  60/ 125  |  loss_1: 2.020  acc_1: 0.443  |  loss_2:1.989  acc_2: 0.465
epoch: 15/ 150 iter:  70/ 125  |  loss_1: 2.011  acc_1: 0.448  |  loss_2:2.002  acc_2: 0.463
epoch: 15/ 150 iter:  80/ 125  |  loss_1: 1.995  acc_1: 0.455  |  loss_2:1.996  acc_2: 0.468
epoch: 15/ 150 iter:  90/ 125  |  loss_1: 2.018  acc_1: 0.434  |  loss_2:2.012  acc_2: 0.443
epoch: 15/ 150 iter: 100/ 125  |  loss_1: 2.000  acc_1: 0.465  |  loss_2:1.998  acc_2: 0.463
epoch: 15/ 150 iter: 110/ 125  |  loss_1: 2.000  acc_1: 0.458  |  loss_2:2.008  acc_2: 0.446
epoch: 15/ 150 iter: 120/ 125  |  loss_1: 2.006  acc_1: 0.463  |  loss_2:2.018  acc_2: 0.442
epoch: 16/ 150 iter:   0/ 125  |  loss_1: 1.991  acc_1: 0.476  |  loss_2:1.940  acc_2: 0.525
epoch: 16/ 150 iter:  10/ 125  |  loss_1: 1.991  acc_1: 0.470  |  loss_2:2.008  acc_2: 0.455
epoch: 16/ 150 iter:  20/ 125  |  loss_1: 1.984  acc_1: 0.477  |  loss_2:1.962  acc_2: 0.497
epoch: 16/ 150 iter:  30/ 125  |  loss_1: 1.994  acc_1: 0.459  |  loss_2:1.975  acc_2: 0.483
epoch: 16/ 150 iter:  40/ 125  |  loss_1: 1.999  acc_1: 0.459  |  loss_2:2.012  acc_2: 0.450
epoch: 16/ 150 iter:  50/ 125  |  loss_1: 2.017  acc_1: 0.452  |  loss_2:2.001  acc_2: 0.455
epoch: 16/ 150 iter:  60/ 125  |  loss_1: 2.024  acc_1: 0.430  |  loss_2:2.014  acc_2: 0.447
epoch: 16/ 150 iter:  70/ 125  |  loss_1: 2.038  acc_1: 0.410  |  loss_2:1.974  acc_2: 0.473
epoch: 16/ 150 iter:  80/ 125  |  loss_1: 2.048  acc_1: 0.410  |  loss_2:2.009  acc_2: 0.446
epoch: 16/ 150 iter:  90/ 125  |  loss_1: 2.021  acc_1: 0.433  |  loss_2:1.937  acc_2: 0.532
epoch: 16/ 150 iter: 100/ 125  |  loss_1: 1.985  acc_1: 0.477  |  loss_2:1.990  acc_2: 0.474
epoch: 16/ 150 iter: 110/ 125  |  loss_1: 2.013  acc_1: 0.447  |  loss_2:2.001  acc_2: 0.451
epoch: 16/ 150 iter: 120/ 125  |  loss_1: 1.968  acc_1: 0.484  |  loss_2:2.032  acc_2: 0.412
epoch: 17/ 150 iter:   0/ 125  |  loss_1: 2.007  acc_1: 0.454  |  loss_2:1.948  acc_2: 0.506
epoch: 17/ 150 iter:  10/ 125  |  loss_1: 1.979  acc_1: 0.476  |  loss_2:1.995  acc_2: 0.467
epoch: 17/ 150 iter:  20/ 125  |  loss_1: 2.070  acc_1: 0.394  |  loss_2:2.033  acc_2: 0.422
epoch: 17/ 150 iter:  30/ 125  |  loss_1: 1.964  acc_1: 0.488  |  loss_2:2.007  acc_2: 0.444
epoch: 17/ 150 iter:  40/ 125  |  loss_1: 2.003  acc_1: 0.447  |  loss_2:1.930  acc_2: 0.537
epoch: 17/ 150 iter:  50/ 125  |  loss_1: 2.002  acc_1: 0.455  |  loss_2:1.992  acc_2: 0.458
epoch: 17/ 150 iter:  60/ 125  |  loss_1: 1.976  acc_1: 0.468  |  loss_2:2.017  acc_2: 0.424
epoch: 17/ 150 iter:  70/ 125  |  loss_1: 2.001  acc_1: 0.450  |  loss_2:2.002  acc_2: 0.452
epoch: 17/ 150 iter:  80/ 125  |  loss_1: 2.001  acc_1: 0.468  |  loss_2:2.015  acc_2: 0.439
epoch: 17/ 150 iter:  90/ 125  |  loss_1: 1.954  acc_1: 0.500  |  loss_2:1.971  acc_2: 0.486
epoch: 17/ 150 iter: 100/ 125  |  loss_1: 2.011  acc_1: 0.441  |  loss_2:2.001  acc_2: 0.463
epoch: 17/ 150 iter: 110/ 125  |  loss_1: 2.040  acc_1: 0.418  |  loss_2:1.985  acc_2: 0.477
epoch: 17/ 150 iter: 120/ 125  |  loss_1: 2.026  acc_1: 0.421  |  loss_2:1.958  acc_2: 0.505
epoch: 18/ 150 iter:   0/ 125  |  loss_1: 1.996  acc_1: 0.455  |  loss_2:2.036  acc_2: 0.415
epoch: 18/ 150 iter:  10/ 125  |  loss_1: 1.978  acc_1: 0.482  |  loss_2:1.992  acc_2: 0.462
epoch: 18/ 150 iter:  20/ 125  |  loss_1: 2.025  acc_1: 0.432  |  loss_2:1.972  acc_2: 0.489
epoch: 18/ 150 iter:  30/ 125  |  loss_1: 2.013  acc_1: 0.438  |  loss_2:2.034  acc_2: 0.430
epoch: 18/ 150 iter:  40/ 125  |  loss_1: 2.013  acc_1: 0.443  |  loss_2:1.978  acc_2: 0.487
epoch: 18/ 150 iter:  50/ 125  |  loss_1: 1.982  acc_1: 0.481  |  loss_2:1.998  acc_2: 0.458
epoch: 18/ 150 iter:  60/ 125  |  loss_1: 2.007  acc_1: 0.453  |  loss_2:2.029  acc_2: 0.444
epoch: 18/ 150 iter:  70/ 125  |  loss_1: 1.992  acc_1: 0.465  |  loss_2:2.006  acc_2: 0.446
epoch: 18/ 150 iter:  80/ 125  |  loss_1: 1.993  acc_1: 0.472  |  loss_2:2.010  acc_2: 0.443
epoch: 18/ 150 iter:  90/ 125  |  loss_1: 1.971  acc_1: 0.497  |  loss_2:1.995  acc_2: 0.457
epoch: 18/ 150 iter: 100/ 125  |  loss_1: 2.025  acc_1: 0.430  |  loss_2:1.998  acc_2: 0.465
epoch: 18/ 150 iter: 110/ 125  |  loss_1: 2.018  acc_1: 0.449  |  loss_2:2.020  acc_2: 0.441
epoch: 18/ 150 iter: 120/ 125  |  loss_1: 2.000  acc_1: 0.464  |  loss_2:2.013  acc_2: 0.439
epoch: 19/ 150 iter:   0/ 125  |  loss_1: 1.942  acc_1: 0.514  |  loss_2:2.002  acc_2: 0.461
epoch: 19/ 150 iter:  10/ 125  |  loss_1: 2.007  acc_1: 0.448  |  loss_2:2.019  acc_2: 0.442
epoch: 19/ 150 iter:  20/ 125  |  loss_1: 1.988  acc_1: 0.472  |  loss_2:2.014  acc_2: 0.444
epoch: 19/ 150 iter:  30/ 125  |  loss_1: 1.976  acc_1: 0.481  |  loss_2:1.997  acc_2: 0.469
epoch: 19/ 150 iter:  40/ 125  |  loss_1: 1.962  acc_1: 0.503  |  loss_2:1.994  acc_2: 0.469
epoch: 19/ 150 iter:  50/ 125  |  loss_1: 1.985  acc_1: 0.467  |  loss_2:2.026  acc_2: 0.425
epoch: 19/ 150 iter:  60/ 125  |  loss_1: 2.002  acc_1: 0.461  |  loss_2:1.971  acc_2: 0.482
epoch: 19/ 150 iter:  70/ 125  |  loss_1: 1.975  acc_1: 0.486  |  loss_2:1.987  acc_2: 0.460
epoch: 19/ 150 iter:  80/ 125  |  loss_1: 2.004  acc_1: 0.457  |  loss_2:1.984  acc_2: 0.475
epoch: 19/ 150 iter:  90/ 125  |  loss_1: 2.021  acc_1: 0.429  |  loss_2:1.998  acc_2: 0.459
epoch: 19/ 150 iter: 100/ 125  |  loss_1: 1.991  acc_1: 0.460  |  loss_2:1.992  acc_2: 0.458
epoch: 19/ 150 iter: 110/ 125  |  loss_1: 2.014  acc_1: 0.440  |  loss_2:2.047  acc_2: 0.413
epoch: 19/ 150 iter: 120/ 125  |  loss_1: 1.971  acc_1: 0.489  |  loss_2:2.044  acc_2: 0.425
epoch: 20/ 150 iter:   0/ 125  |  loss_1: 1.972  acc_1: 0.497  |  loss_2:2.049  acc_2: 0.404
epoch: 20/ 150 iter:  10/ 125  |  loss_1: 1.959  acc_1: 0.495  |  loss_2:1.956  acc_2: 0.494
epoch: 20/ 150 iter:  20/ 125  |  loss_1: 1.987  acc_1: 0.462  |  loss_2:1.966  acc_2: 0.495
epoch: 20/ 150 iter:  30/ 125  |  loss_1: 2.017  acc_1: 0.431  |  loss_2:1.950  acc_2: 0.502
epoch: 20/ 150 iter:  40/ 125  |  loss_1: 1.970  acc_1: 0.489  |  loss_2:2.013  acc_2: 0.442
epoch: 20/ 150 iter:  50/ 125  |  loss_1: 2.054  acc_1: 0.402  |  loss_2:2.007  acc_2: 0.453
epoch: 20/ 150 iter:  60/ 125  |  loss_1: 2.021  acc_1: 0.442  |  loss_2:1.979  acc_2: 0.478
epoch: 20/ 150 iter:  70/ 125  |  loss_1: 1.988  acc_1: 0.474  |  loss_2:1.991  acc_2: 0.472
epoch: 20/ 150 iter:  80/ 125  |  loss_1: 1.953  acc_1: 0.509  |  loss_2:1.941  acc_2: 0.531
epoch: 20/ 150 iter:  90/ 125  |  loss_1: 2.005  acc_1: 0.451  |  loss_2:1.991  acc_2: 0.476
epoch: 20/ 150 iter: 100/ 125  |  loss_1: 1.946  acc_1: 0.522  |  loss_2:1.943  acc_2: 0.511
epoch: 20/ 150 iter: 110/ 125  |  loss_1: 2.005  acc_1: 0.452  |  loss_2:2.014  acc_2: 0.435
epoch: 20/ 150 iter: 120/ 125  |  loss_1: 1.970  acc_1: 0.466  |  loss_2:2.024  acc_2: 0.429
epoch: 21/ 150 iter:   0/ 125  |  loss_1: 1.994  acc_1: 0.471  |  loss_2:2.019  acc_2: 0.433
epoch: 21/ 150 iter:  10/ 125  |  loss_1: 1.980  acc_1: 0.478  |  loss_2:2.013  acc_2: 0.434
epoch: 21/ 150 iter:  20/ 125  |  loss_1: 1.989  acc_1: 0.466  |  loss_2:2.011  acc_2: 0.447
epoch: 21/ 150 iter:  30/ 125  |  loss_1: 2.011  acc_1: 0.450  |  loss_2:1.994  acc_2: 0.475
epoch: 21/ 150 iter:  40/ 125  |  loss_1: 2.010  acc_1: 0.455  |  loss_2:1.978  acc_2: 0.476
epoch: 21/ 150 iter:  50/ 125  |  loss_1: 1.983  acc_1: 0.473  |  loss_2:2.004  acc_2: 0.452
epoch: 21/ 150 iter:  60/ 125  |  loss_1: 1.963  acc_1: 0.495  |  loss_2:2.011  acc_2: 0.444
epoch: 21/ 150 iter:  70/ 125  |  loss_1: 2.005  acc_1: 0.455  |  loss_2:1.985  acc_2: 0.481
epoch: 21/ 150 iter:  80/ 125  |  loss_1: 1.963  acc_1: 0.492  |  loss_2:2.004  acc_2: 0.467
epoch: 21/ 150 iter:  90/ 125  |  loss_1: 1.968  acc_1: 0.486  |  loss_2:1.957  acc_2: 0.502
epoch: 21/ 150 iter: 100/ 125  |  loss_1: 1.946  acc_1: 0.514  |  loss_2:1.998  acc_2: 0.456
epoch: 21/ 150 iter: 110/ 125  |  loss_1: 1.919  acc_1: 0.546  |  loss_2:1.991  acc_2: 0.462
epoch: 21/ 150 iter: 120/ 125  |  loss_1: 2.012  acc_1: 0.457  |  loss_2:1.990  acc_2: 0.460
epoch: 22/ 150 iter:   0/ 125  |  loss_1: 1.952  acc_1: 0.508  |  loss_2:1.972  acc_2: 0.486
epoch: 22/ 150 iter:  10/ 125  |  loss_1: 1.946  acc_1: 0.514  |  loss_2:1.932  acc_2: 0.525
epoch: 22/ 150 iter:  20/ 125  |  loss_1: 1.936  acc_1: 0.524  |  loss_2:1.971  acc_2: 0.484
epoch: 22/ 150 iter:  30/ 125  |  loss_1: 2.026  acc_1: 0.421  |  loss_2:1.994  acc_2: 0.463
epoch: 22/ 150 iter:  40/ 125  |  loss_1: 1.968  acc_1: 0.488  |  loss_2:1.975  acc_2: 0.486
epoch: 22/ 150 iter:  50/ 125  |  loss_1: 1.969  acc_1: 0.483  |  loss_2:1.981  acc_2: 0.488
epoch: 22/ 150 iter:  60/ 125  |  loss_1: 2.019  acc_1: 0.429  |  loss_2:1.966  acc_2: 0.488
epoch: 22/ 150 iter:  70/ 125  |  loss_1: 1.979  acc_1: 0.477  |  loss_2:1.973  acc_2: 0.489
epoch: 22/ 150 iter:  80/ 125  |  loss_1: 2.026  acc_1: 0.433  |  loss_2:1.995  acc_2: 0.455
epoch: 22/ 150 iter:  90/ 125  |  loss_1: 1.989  acc_1: 0.472  |  loss_2:2.019  acc_2: 0.446
epoch: 22/ 150 iter: 100/ 125  |  loss_1: 2.054  acc_1: 0.410  |  loss_2:1.995  acc_2: 0.465
epoch: 22/ 150 iter: 110/ 125  |  loss_1: 1.942  acc_1: 0.522  |  loss_2:2.019  acc_2: 0.441
epoch: 22/ 150 iter: 120/ 125  |  loss_1: 1.961  acc_1: 0.503  |  loss_2:2.024  acc_2: 0.438
epoch: 23/ 150 iter:   0/ 125  |  loss_1: 1.966  acc_1: 0.494  |  loss_2:1.937  acc_2: 0.515
epoch: 23/ 150 iter:  10/ 125  |  loss_1: 2.021  acc_1: 0.428  |  loss_2:1.983  acc_2: 0.475
epoch: 23/ 150 iter:  20/ 125  |  loss_1: 2.013  acc_1: 0.452  |  loss_2:2.015  acc_2: 0.442
epoch: 23/ 150 iter:  30/ 125  |  loss_1: 2.012  acc_1: 0.436  |  loss_2:2.002  acc_2: 0.458
epoch: 23/ 150 iter:  40/ 125  |  loss_1: 1.968  acc_1: 0.492  |  loss_2:2.006  acc_2: 0.445
epoch: 23/ 150 iter:  50/ 125  |  loss_1: 2.035  acc_1: 0.414  |  loss_2:2.004  acc_2: 0.448
epoch: 23/ 150 iter:  60/ 125  |  loss_1: 2.000  acc_1: 0.468  |  loss_2:2.045  acc_2: 0.425
epoch: 23/ 150 iter:  70/ 125  |  loss_1: 2.010  acc_1: 0.453  |  loss_2:1.969  acc_2: 0.486
epoch: 23/ 150 iter:  80/ 125  |  loss_1: 1.963  acc_1: 0.495  |  loss_2:1.949  acc_2: 0.515
epoch: 23/ 150 iter:  90/ 125  |  loss_1: 2.005  acc_1: 0.451  |  loss_2:2.006  acc_2: 0.448
epoch: 23/ 150 iter: 100/ 125  |  loss_1: 2.007  acc_1: 0.457  |  loss_2:1.942  acc_2: 0.515
epoch: 23/ 150 iter: 110/ 125  |  loss_1: 1.982  acc_1: 0.475  |  loss_2:1.951  acc_2: 0.508
epoch: 23/ 150 iter: 120/ 125  |  loss_1: 1.955  acc_1: 0.508  |  loss_2:1.961  acc_2: 0.500
epoch: 24/ 150 iter:   0/ 125  |  loss_1: 1.979  acc_1: 0.474  |  loss_2:1.979  acc_2: 0.488
epoch: 24/ 150 iter:  10/ 125  |  loss_1: 2.061  acc_1: 0.393  |  loss_2:2.000  acc_2: 0.455
epoch: 24/ 150 iter:  20/ 125  |  loss_1: 1.985  acc_1: 0.463  |  loss_2:1.976  acc_2: 0.484
epoch: 24/ 150 iter:  30/ 125  |  loss_1: 1.898  acc_1: 0.570  |  loss_2:1.993  acc_2: 0.461
epoch: 24/ 150 iter:  40/ 125  |  loss_1: 1.956  acc_1: 0.512  |  loss_2:1.987  acc_2: 0.465
epoch: 24/ 150 iter:  50/ 125  |  loss_1: 2.008  acc_1: 0.449  |  loss_2:2.000  acc_2: 0.452
epoch: 24/ 150 iter:  60/ 125  |  loss_1: 1.981  acc_1: 0.473  |  loss_2:1.941  acc_2: 0.521
epoch: 24/ 150 iter:  70/ 125  |  loss_1: 1.992  acc_1: 0.464  |  loss_2:1.974  acc_2: 0.483
epoch: 24/ 150 iter:  80/ 125  |  loss_1: 1.999  acc_1: 0.449  |  loss_2:1.953  acc_2: 0.505
epoch: 24/ 150 iter:  90/ 125  |  loss_1: 2.022  acc_1: 0.426  |  loss_2:1.995  acc_2: 0.469
epoch: 24/ 150 iter: 100/ 125  |  loss_1: 2.047  acc_1: 0.412  |  loss_2:1.947  acc_2: 0.498
epoch: 24/ 150 iter: 110/ 125  |  loss_1: 1.962  acc_1: 0.487  |  loss_2:1.942  acc_2: 0.521
epoch: 24/ 150 iter: 120/ 125  |  loss_1: 2.001  acc_1: 0.456  |  loss_2:1.987  acc_2: 0.474
epoch: 25/ 150 iter:   0/ 125  |  loss_1: 1.994  acc_1: 0.473  |  loss_2:1.986  acc_2: 0.467
epoch: 25/ 150 iter:  10/ 125  |  loss_1: 1.989  acc_1: 0.462  |  loss_2:1.976  acc_2: 0.485
epoch: 25/ 150 iter:  20/ 125  |  loss_1: 1.967  acc_1: 0.486  |  loss_2:2.001  acc_2: 0.444
epoch: 25/ 150 iter:  30/ 125  |  loss_1: 2.020  acc_1: 0.441  |  loss_2:1.960  acc_2: 0.502
epoch: 25/ 150 iter:  40/ 125  |  loss_1: 1.979  acc_1: 0.479  |  loss_2:1.984  acc_2: 0.478
epoch: 25/ 150 iter:  50/ 125  |  loss_1: 1.968  acc_1: 0.489  |  loss_2:1.971  acc_2: 0.489
epoch: 25/ 150 iter:  60/ 125  |  loss_1: 2.012  acc_1: 0.443  |  loss_2:1.988  acc_2: 0.463
epoch: 25/ 150 iter:  70/ 125  |  loss_1: 1.982  acc_1: 0.478  |  loss_2:1.978  acc_2: 0.476
epoch: 25/ 150 iter:  80/ 125  |  loss_1: 1.995  acc_1: 0.472  |  loss_2:1.923  acc_2: 0.535
epoch: 25/ 150 iter:  90/ 125  |  loss_1: 2.040  acc_1: 0.404  |  loss_2:1.975  acc_2: 0.484
epoch: 25/ 150 iter: 100/ 125  |  loss_1: 1.958  acc_1: 0.503  |  loss_2:1.978  acc_2: 0.492
epoch: 25/ 150 iter: 110/ 125  |  loss_1: 1.976  acc_1: 0.485  |  loss_2:1.958  acc_2: 0.498
epoch: 25/ 150 iter: 120/ 125  |  loss_1: 2.027  acc_1: 0.429  |  loss_2:1.967  acc_2: 0.505
epoch: 26/ 150 iter:   0/ 125  |  loss_1: 1.995  acc_1: 0.457  |  loss_2:1.962  acc_2: 0.491
epoch: 26/ 150 iter:  10/ 125  |  loss_1: 2.009  acc_1: 0.448  |  loss_2:2.032  acc_2: 0.425
epoch: 26/ 150 iter:  20/ 125  |  loss_1: 2.026  acc_1: 0.434  |  loss_2:2.000  acc_2: 0.455
epoch: 26/ 150 iter:  30/ 125  |  loss_1: 1.963  acc_1: 0.494  |  loss_2:2.027  acc_2: 0.432
epoch: 26/ 150 iter:  40/ 125  |  loss_1: 1.969  acc_1: 0.484  |  loss_2:2.044  acc_2: 0.414
epoch: 26/ 150 iter:  50/ 125  |  loss_1: 1.990  acc_1: 0.470  |  loss_2:1.899  acc_2: 0.557
epoch: 26/ 150 iter:  60/ 125  |  loss_1: 2.003  acc_1: 0.446  |  loss_2:1.973  acc_2: 0.486
epoch: 26/ 150 iter:  70/ 125  |  loss_1: 2.035  acc_1: 0.427  |  loss_2:1.975  acc_2: 0.497
epoch: 26/ 150 iter:  80/ 125  |  loss_1: 2.005  acc_1: 0.454  |  loss_2:1.954  acc_2: 0.506
epoch: 26/ 150 iter:  90/ 125  |  loss_1: 2.033  acc_1: 0.419  |  loss_2:1.942  acc_2: 0.511
epoch: 26/ 150 iter: 100/ 125  |  loss_1: 2.015  acc_1: 0.428  |  loss_2:1.945  acc_2: 0.520
epoch: 26/ 150 iter: 110/ 125  |  loss_1: 1.962  acc_1: 0.494  |  loss_2:1.981  acc_2: 0.477
epoch: 26/ 150 iter: 120/ 125  |  loss_1: 2.007  acc_1: 0.438  |  loss_2:1.983  acc_2: 0.470
epoch: 27/ 150 iter:   0/ 125  |  loss_1: 1.982  acc_1: 0.475  |  loss_2:1.968  acc_2: 0.484
epoch: 27/ 150 iter:  10/ 125  |  loss_1: 2.003  acc_1: 0.461  |  loss_2:1.942  acc_2: 0.525
epoch: 27/ 150 iter:  20/ 125  |  loss_1: 1.995  acc_1: 0.462  |  loss_2:2.014  acc_2: 0.444
epoch: 27/ 150 iter:  30/ 125  |  loss_1: 2.010  acc_1: 0.442  |  loss_2:1.992  acc_2: 0.463
epoch: 27/ 150 iter:  40/ 125  |  loss_1: 2.000  acc_1: 0.458  |  loss_2:2.004  acc_2: 0.443
epoch: 27/ 150 iter:  50/ 125  |  loss_1: 1.968  acc_1: 0.481  |  loss_2:1.971  acc_2: 0.478
epoch: 27/ 150 iter:  60/ 125  |  loss_1: 2.029  acc_1: 0.422  |  loss_2:1.992  acc_2: 0.474
epoch: 27/ 150 iter:  70/ 125  |  loss_1: 1.908  acc_1: 0.558  |  loss_2:1.974  acc_2: 0.491
epoch: 27/ 150 iter:  80/ 125  |  loss_1: 1.962  acc_1: 0.502  |  loss_2:1.985  acc_2: 0.480
epoch: 27/ 150 iter:  90/ 125  |  loss_1: 1.972  acc_1: 0.486  |  loss_2:1.980  acc_2: 0.491
epoch: 27/ 150 iter: 100/ 125  |  loss_1: 1.962  acc_1: 0.505  |  loss_2:1.972  acc_2: 0.489
epoch: 27/ 150 iter: 110/ 125  |  loss_1: 1.983  acc_1: 0.471  |  loss_2:1.953  acc_2: 0.511
epoch: 27/ 150 iter: 120/ 125  |  loss_1: 1.973  acc_1: 0.483  |  loss_2:1.967  acc_2: 0.492
epoch: 28/ 150 iter:   0/ 125  |  loss_1: 1.952  acc_1: 0.509  |  loss_2:1.995  acc_2: 0.467
epoch: 28/ 150 iter:  10/ 125  |  loss_1: 1.995  acc_1: 0.466  |  loss_2:1.985  acc_2: 0.475
epoch: 28/ 150 iter:  20/ 125  |  loss_1: 2.019  acc_1: 0.431  |  loss_2:1.981  acc_2: 0.474
epoch: 28/ 150 iter:  30/ 125  |  loss_1: 1.995  acc_1: 0.455  |  loss_2:2.001  acc_2: 0.464
epoch: 28/ 150 iter:  40/ 125  |  loss_1: 1.996  acc_1: 0.456  |  loss_2:1.996  acc_2: 0.462
epoch: 28/ 150 iter:  50/ 125  |  loss_1: 2.032  acc_1: 0.419  |  loss_2:1.925  acc_2: 0.544
epoch: 28/ 150 iter:  60/ 125  |  loss_1: 2.007  acc_1: 0.437  |  loss_2:1.951  acc_2: 0.509
epoch: 28/ 150 iter:  70/ 125  |  loss_1: 1.992  acc_1: 0.464  |  loss_2:1.972  acc_2: 0.485
epoch: 28/ 150 iter:  80/ 125  |  loss_1: 1.982  acc_1: 0.490  |  loss_2:1.970  acc_2: 0.489
epoch: 28/ 150 iter:  90/ 125  |  loss_1: 2.012  acc_1: 0.443  |  loss_2:1.962  acc_2: 0.500
epoch: 28/ 150 iter: 100/ 125  |  loss_1: 1.982  acc_1: 0.480  |  loss_2:2.032  acc_2: 0.413
epoch: 28/ 150 iter: 110/ 125  |  loss_1: 1.959  acc_1: 0.502  |  loss_2:1.964  acc_2: 0.500
epoch: 28/ 150 iter: 120/ 125  |  loss_1: 2.020  acc_1: 0.435  |  loss_2:1.997  acc_2: 0.460
epoch: 29/ 150 iter:   0/ 125  |  loss_1: 1.948  acc_1: 0.509  |  loss_2:1.981  acc_2: 0.483
epoch: 29/ 150 iter:  10/ 125  |  loss_1: 2.000  acc_1: 0.454  |  loss_2:2.019  acc_2: 0.439
epoch: 29/ 150 iter:  20/ 125  |  loss_1: 2.018  acc_1: 0.433  |  loss_2:1.974  acc_2: 0.486
epoch: 29/ 150 iter:  30/ 125  |  loss_1: 1.949  acc_1: 0.514  |  loss_2:1.964  acc_2: 0.498
epoch: 29/ 150 iter:  40/ 125  |  loss_1: 1.951  acc_1: 0.508  |  loss_2:2.003  acc_2: 0.448
epoch: 29/ 150 iter:  50/ 125  |  loss_1: 1.995  acc_1: 0.456  |  loss_2:1.977  acc_2: 0.485
epoch: 29/ 150 iter:  60/ 125  |  loss_1: 1.981  acc_1: 0.486  |  loss_2:1.982  acc_2: 0.465
epoch: 29/ 150 iter:  70/ 125  |  loss_1: 2.020  acc_1: 0.438  |  loss_2:1.992  acc_2: 0.466
epoch: 29/ 150 iter:  80/ 125  |  loss_1: 1.945  acc_1: 0.520  |  loss_2:1.950  acc_2: 0.502
epoch: 29/ 150 iter:  90/ 125  |  loss_1: 1.975  acc_1: 0.477  |  loss_2:1.981  acc_2: 0.474
epoch: 29/ 150 iter: 100/ 125  |  loss_1: 2.014  acc_1: 0.434  |  loss_2:1.969  acc_2: 0.497
epoch: 29/ 150 iter: 110/ 125  |  loss_1: 2.038  acc_1: 0.417  |  loss_2:1.956  acc_2: 0.501
epoch: 29/ 150 iter: 120/ 125  |  loss_1: 1.997  acc_1: 0.459  |  loss_2:1.922  acc_2: 0.548
epoch: 30/ 150 iter:   0/ 125  |  loss_1: 1.966  acc_1: 0.485  |  loss_2:1.906  acc_2: 0.547
epoch: 30/ 150 iter:  10/ 125  |  loss_1: 1.921  acc_1: 0.542  |  loss_2:1.977  acc_2: 0.493
epoch: 30/ 150 iter:  20/ 125  |  loss_1: 1.983  acc_1: 0.484  |  loss_2:2.002  acc_2: 0.461
epoch: 30/ 150 iter:  30/ 125  |  loss_1: 1.953  acc_1: 0.503  |  loss_2:1.970  acc_2: 0.487
epoch: 30/ 150 iter:  40/ 125  |  loss_1: 1.990  acc_1: 0.470  |  loss_2:1.933  acc_2: 0.526
epoch: 30/ 150 iter:  50/ 125  |  loss_1: 1.944  acc_1: 0.519  |  loss_2:1.911  acc_2: 0.551
epoch: 30/ 150 iter:  60/ 125  |  loss_1: 1.982  acc_1: 0.471  |  loss_2:1.986  acc_2: 0.471
epoch: 30/ 150 iter:  70/ 125  |  loss_1: 1.988  acc_1: 0.468  |  loss_2:1.960  acc_2: 0.489
epoch: 30/ 150 iter:  80/ 125  |  loss_1: 1.979  acc_1: 0.473  |  loss_2:1.947  acc_2: 0.505
epoch: 30/ 150 iter:  90/ 125  |  loss_1: 1.968  acc_1: 0.495  |  loss_2:1.982  acc_2: 0.482
epoch: 30/ 150 iter: 100/ 125  |  loss_1: 1.997  acc_1: 0.456  |  loss_2:1.992  acc_2: 0.464
epoch: 30/ 150 iter: 110/ 125  |  loss_1: 1.909  acc_1: 0.543  |  loss_2:1.963  acc_2: 0.497
epoch: 30/ 150 iter: 120/ 125  |  loss_1: 1.983  acc_1: 0.473  |  loss_2:1.939  acc_2: 0.518
epoch: 31/ 150 iter:   0/ 125  |  loss_1: 1.980  acc_1: 0.475  |  loss_2:1.915  acc_2: 0.544
epoch: 31/ 150 iter:  10/ 125  |  loss_1: 1.936  acc_1: 0.528  |  loss_2:1.981  acc_2: 0.483
epoch: 31/ 150 iter:  20/ 125  |  loss_1: 1.981  acc_1: 0.467  |  loss_2:1.971  acc_2: 0.492
epoch: 31/ 150 iter:  30/ 125  |  loss_1: 1.983  acc_1: 0.477  |  loss_2:1.983  acc_2: 0.484
epoch: 31/ 150 iter:  40/ 125  |  loss_1: 1.981  acc_1: 0.474  |  loss_2:1.953  acc_2: 0.503
epoch: 31/ 150 iter:  50/ 125  |  loss_1: 2.000  acc_1: 0.453  |  loss_2:1.959  acc_2: 0.497
epoch: 31/ 150 iter:  60/ 125  |  loss_1: 1.957  acc_1: 0.506  |  loss_2:1.962  acc_2: 0.488
epoch: 31/ 150 iter:  70/ 125  |  loss_1: 1.893  acc_1: 0.570  |  loss_2:1.951  acc_2: 0.505
epoch: 31/ 150 iter:  80/ 125  |  loss_1: 1.950  acc_1: 0.506  |  loss_2:1.910  acc_2: 0.547
epoch: 31/ 150 iter:  90/ 125  |  loss_1: 1.959  acc_1: 0.508  |  loss_2:1.945  acc_2: 0.507
epoch: 31/ 150 iter: 100/ 125  |  loss_1: 1.950  acc_1: 0.498  |  loss_2:1.962  acc_2: 0.497
epoch: 31/ 150 iter: 110/ 125  |  loss_1: 1.961  acc_1: 0.492  |  loss_2:1.953  acc_2: 0.503
epoch: 31/ 150 iter: 120/ 125  |  loss_1: 1.935  acc_1: 0.522  |  loss_2:1.955  acc_2: 0.497
epoch: 32/ 150 iter:   0/ 125  |  loss_1: 1.970  acc_1: 0.488  |  loss_2:1.898  acc_2: 0.563
epoch: 32/ 150 iter:  10/ 125  |  loss_1: 1.967  acc_1: 0.499  |  loss_2:1.978  acc_2: 0.482
epoch: 32/ 150 iter:  20/ 125  |  loss_1: 1.949  acc_1: 0.503  |  loss_2:1.949  acc_2: 0.506
epoch: 32/ 150 iter:  30/ 125  |  loss_1: 1.951  acc_1: 0.505  |  loss_2:1.933  acc_2: 0.527
epoch: 32/ 150 iter:  40/ 125  |  loss_1: 1.941  acc_1: 0.520  |  loss_2:1.918  acc_2: 0.548
epoch: 32/ 150 iter:  50/ 125  |  loss_1: 1.936  acc_1: 0.519  |  loss_2:1.952  acc_2: 0.514
epoch: 32/ 150 iter:  60/ 125  |  loss_1: 1.948  acc_1: 0.521  |  loss_2:1.959  acc_2: 0.508
epoch: 32/ 150 iter:  70/ 125  |  loss_1: 1.965  acc_1: 0.492  |  loss_2:1.953  acc_2: 0.511
epoch: 32/ 150 iter:  80/ 125  |  loss_1: 1.978  acc_1: 0.476  |  loss_2:1.934  acc_2: 0.516
epoch: 32/ 150 iter:  90/ 125  |  loss_1: 1.977  acc_1: 0.483  |  loss_2:1.984  acc_2: 0.477
epoch: 32/ 150 iter: 100/ 125  |  loss_1: 1.912  acc_1: 0.559  |  loss_2:1.898  acc_2: 0.564
epoch: 32/ 150 iter: 110/ 125  |  loss_1: 1.948  acc_1: 0.511  |  loss_2:1.942  acc_2: 0.520
epoch: 32/ 150 iter: 120/ 125  |  loss_1: 1.967  acc_1: 0.488  |  loss_2:1.931  acc_2: 0.537
epoch: 33/ 150 iter:   0/ 125  |  loss_1: 1.995  acc_1: 0.466  |  loss_2:1.918  acc_2: 0.539
epoch: 33/ 150 iter:  10/ 125  |  loss_1: 1.947  acc_1: 0.508  |  loss_2:1.929  acc_2: 0.533
epoch: 33/ 150 iter:  20/ 125  |  loss_1: 1.925  acc_1: 0.534  |  loss_2:1.935  acc_2: 0.523
epoch: 33/ 150 iter:  30/ 125  |  loss_1: 1.911  acc_1: 0.554  |  loss_2:1.932  acc_2: 0.523
epoch: 33/ 150 iter:  40/ 125  |  loss_1: 1.930  acc_1: 0.528  |  loss_2:1.938  acc_2: 0.515
epoch: 33/ 150 iter:  50/ 125  |  loss_1: 1.975  acc_1: 0.480  |  loss_2:1.922  acc_2: 0.542
epoch: 33/ 150 iter:  60/ 125  |  loss_1: 1.949  acc_1: 0.515  |  loss_2:1.916  acc_2: 0.548
epoch: 33/ 150 iter:  70/ 125  |  loss_1: 1.958  acc_1: 0.491  |  loss_2:1.935  acc_2: 0.528
epoch: 33/ 150 iter:  80/ 125  |  loss_1: 1.964  acc_1: 0.502  |  loss_2:1.964  acc_2: 0.498
epoch: 33/ 150 iter:  90/ 125  |  loss_1: 1.956  acc_1: 0.498  |  loss_2:1.977  acc_2: 0.486
epoch: 33/ 150 iter: 100/ 125  |  loss_1: 1.956  acc_1: 0.498  |  loss_2:1.955  acc_2: 0.509
epoch: 33/ 150 iter: 110/ 125  |  loss_1: 1.918  acc_1: 0.538  |  loss_2:1.981  acc_2: 0.491
epoch: 33/ 150 iter: 120/ 125  |  loss_1: 1.959  acc_1: 0.506  |  loss_2:1.964  acc_2: 0.494
epoch: 34/ 150 iter:   0/ 125  |  loss_1: 1.982  acc_1: 0.469  |  loss_2:1.957  acc_2: 0.503
epoch: 34/ 150 iter:  10/ 125  |  loss_1: 1.956  acc_1: 0.504  |  loss_2:1.918  acc_2: 0.555
epoch: 34/ 150 iter:  20/ 125  |  loss_1: 1.965  acc_1: 0.482  |  loss_2:1.928  acc_2: 0.538
epoch: 34/ 150 iter:  30/ 125  |  loss_1: 1.949  acc_1: 0.506  |  loss_2:1.987  acc_2: 0.470
epoch: 34/ 150 iter:  40/ 125  |  loss_1: 1.947  acc_1: 0.516  |  loss_2:1.962  acc_2: 0.500
epoch: 34/ 150 iter:  50/ 125  |  loss_1: 1.991  acc_1: 0.465  |  loss_2:1.943  acc_2: 0.525
epoch: 34/ 150 iter:  60/ 125  |  loss_1: 1.903  acc_1: 0.557  |  loss_2:1.972  acc_2: 0.483
epoch: 34/ 150 iter:  70/ 125  |  loss_1: 1.956  acc_1: 0.508  |  loss_2:1.936  acc_2: 0.532
epoch: 34/ 150 iter:  80/ 125  |  loss_1: 1.931  acc_1: 0.537  |  loss_2:1.948  acc_2: 0.516
epoch: 34/ 150 iter:  90/ 125  |  loss_1: 1.918  acc_1: 0.545  |  loss_2:1.952  acc_2: 0.510
epoch: 34/ 150 iter: 100/ 125  |  loss_1: 1.927  acc_1: 0.545  |  loss_2:1.932  acc_2: 0.533
epoch: 34/ 150 iter: 110/ 125  |  loss_1: 1.955  acc_1: 0.508  |  loss_2:1.933  acc_2: 0.515
epoch: 34/ 150 iter: 120/ 125  |  loss_1: 1.921  acc_1: 0.524  |  loss_2:1.926  acc_2: 0.544
epoch: 35/ 150 iter:   0/ 125  |  loss_1: 1.975  acc_1: 0.477  |  loss_2:1.895  acc_2: 0.567
epoch: 35/ 150 iter:  10/ 125  |  loss_1: 1.966  acc_1: 0.486  |  loss_2:1.946  acc_2: 0.513
epoch: 35/ 150 iter:  20/ 125  |  loss_1: 1.921  acc_1: 0.538  |  loss_2:1.931  acc_2: 0.535
epoch: 35/ 150 iter:  30/ 125  |  loss_1: 1.941  acc_1: 0.532  |  loss_2:1.922  acc_2: 0.540
epoch: 35/ 150 iter:  40/ 125  |  loss_1: 1.945  acc_1: 0.517  |  loss_2:1.948  acc_2: 0.506
epoch: 35/ 150 iter:  50/ 125  |  loss_1: 1.980  acc_1: 0.471  |  loss_2:1.967  acc_2: 0.487
epoch: 35/ 150 iter:  60/ 125  |  loss_1: 1.959  acc_1: 0.487  |  loss_2:1.951  acc_2: 0.511
epoch: 35/ 150 iter:  70/ 125  |  loss_1: 1.974  acc_1: 0.491  |  loss_2:1.968  acc_2: 0.492
epoch: 35/ 150 iter:  80/ 125  |  loss_1: 1.997  acc_1: 0.456  |  loss_2:1.963  acc_2: 0.488
epoch: 35/ 150 iter:  90/ 125  |  loss_1: 1.931  acc_1: 0.527  |  loss_2:1.965  acc_2: 0.492
epoch: 35/ 150 iter: 100/ 125  |  loss_1: 1.942  acc_1: 0.519  |  loss_2:1.929  acc_2: 0.525
epoch: 35/ 150 iter: 110/ 125  |  loss_1: 1.941  acc_1: 0.519  |  loss_2:1.923  acc_2: 0.537
epoch: 35/ 150 iter: 120/ 125  |  loss_1: 1.941  acc_1: 0.514  |  loss_2:1.967  acc_2: 0.491
epoch: 36/ 150 iter:   0/ 125  |  loss_1: 1.923  acc_1: 0.535  |  loss_2:1.944  acc_2: 0.509
epoch: 36/ 150 iter:  10/ 125  |  loss_1: 1.989  acc_1: 0.462  |  loss_2:1.955  acc_2: 0.505
epoch: 36/ 150 iter:  20/ 125  |  loss_1: 1.935  acc_1: 0.528  |  loss_2:1.951  acc_2: 0.509
epoch: 36/ 150 iter:  30/ 125  |  loss_1: 1.992  acc_1: 0.462  |  loss_2:1.905  acc_2: 0.554
epoch: 36/ 150 iter:  40/ 125  |  loss_1: 1.931  acc_1: 0.533  |  loss_2:1.967  acc_2: 0.494
epoch: 36/ 150 iter:  50/ 125  |  loss_1: 1.967  acc_1: 0.492  |  loss_2:1.982  acc_2: 0.476
epoch: 36/ 150 iter:  60/ 125  |  loss_1: 1.955  acc_1: 0.501  |  loss_2:1.971  acc_2: 0.487
epoch: 36/ 150 iter:  70/ 125  |  loss_1: 1.925  acc_1: 0.536  |  loss_2:1.983  acc_2: 0.471
epoch: 36/ 150 iter:  80/ 125  |  loss_1: 1.925  acc_1: 0.538  |  loss_2:1.925  acc_2: 0.542
epoch: 36/ 150 iter:  90/ 125  |  loss_1: 1.957  acc_1: 0.505  |  loss_2:1.972  acc_2: 0.485
epoch: 36/ 150 iter: 100/ 125  |  loss_1: 1.958  acc_1: 0.486  |  loss_2:1.914  acc_2: 0.543
epoch: 36/ 150 iter: 110/ 125  |  loss_1: 1.912  acc_1: 0.556  |  loss_2:1.918  acc_2: 0.544
epoch: 36/ 150 iter: 120/ 125  |  loss_1: 1.953  acc_1: 0.506  |  loss_2:1.915  acc_2: 0.545
epoch: 37/ 150 iter:   0/ 125  |  loss_1: 1.980  acc_1: 0.480  |  loss_2:1.897  acc_2: 0.574
epoch: 37/ 150 iter:  10/ 125  |  loss_1: 1.955  acc_1: 0.507  |  loss_2:1.940  acc_2: 0.526
epoch: 37/ 150 iter:  20/ 125  |  loss_1: 1.949  acc_1: 0.513  |  loss_2:1.917  acc_2: 0.543
epoch: 37/ 150 iter:  30/ 125  |  loss_1: 1.971  acc_1: 0.491  |  loss_2:1.947  acc_2: 0.521
epoch: 37/ 150 iter:  40/ 125  |  loss_1: 1.934  acc_1: 0.519  |  loss_2:1.957  acc_2: 0.506
epoch: 37/ 150 iter:  50/ 125  |  loss_1: 1.936  acc_1: 0.518  |  loss_2:1.965  acc_2: 0.481
epoch: 37/ 150 iter:  60/ 125  |  loss_1: 1.969  acc_1: 0.492  |  loss_2:1.964  acc_2: 0.507
epoch: 37/ 150 iter:  70/ 125  |  loss_1: 1.981  acc_1: 0.480  |  loss_2:1.939  acc_2: 0.513
epoch: 37/ 150 iter:  80/ 125  |  loss_1: 1.960  acc_1: 0.494  |  loss_2:1.908  acc_2: 0.554
epoch: 37/ 150 iter:  90/ 125  |  loss_1: 1.918  acc_1: 0.550  |  loss_2:1.982  acc_2: 0.481
epoch: 37/ 150 iter: 100/ 125  |  loss_1: 1.979  acc_1: 0.480  |  loss_2:1.918  acc_2: 0.553
epoch: 37/ 150 iter: 110/ 125  |  loss_1: 1.949  acc_1: 0.511  |  loss_2:1.958  acc_2: 0.495
epoch: 37/ 150 iter: 120/ 125  |  loss_1: 1.951  acc_1: 0.505  |  loss_2:1.902  acc_2: 0.554
epoch: 38/ 150 iter:   0/ 125  |  loss_1: 1.991  acc_1: 0.462  |  loss_2:1.927  acc_2: 0.527
epoch: 38/ 150 iter:  10/ 125  |  loss_1: 1.960  acc_1: 0.488  |  loss_2:1.933  acc_2: 0.517
epoch: 38/ 150 iter:  20/ 125  |  loss_1: 1.948  acc_1: 0.515  |  loss_2:1.927  acc_2: 0.533
epoch: 38/ 150 iter:  30/ 125  |  loss_1: 1.943  acc_1: 0.513  |  loss_2:1.929  acc_2: 0.533
epoch: 38/ 150 iter:  40/ 125  |  loss_1: 1.905  acc_1: 0.558  |  loss_2:1.907  acc_2: 0.546
epoch: 38/ 150 iter:  50/ 125  |  loss_1: 1.959  acc_1: 0.497  |  loss_2:1.932  acc_2: 0.528
epoch: 38/ 150 iter:  60/ 125  |  loss_1: 1.951  acc_1: 0.511  |  loss_2:1.935  acc_2: 0.535
epoch: 38/ 150 iter:  70/ 125  |  loss_1: 1.957  acc_1: 0.504  |  loss_2:1.985  acc_2: 0.465
epoch: 38/ 150 iter:  80/ 125  |  loss_1: 1.925  acc_1: 0.533  |  loss_2:1.944  acc_2: 0.512
epoch: 38/ 150 iter:  90/ 125  |  loss_1: 1.959  acc_1: 0.507  |  loss_2:1.945  acc_2: 0.510
epoch: 38/ 150 iter: 100/ 125  |  loss_1: 1.956  acc_1: 0.503  |  loss_2:1.920  acc_2: 0.551
epoch: 38/ 150 iter: 110/ 125  |  loss_1: 1.968  acc_1: 0.494  |  loss_2:1.986  acc_2: 0.468
epoch: 38/ 150 iter: 120/ 125  |  loss_1: 1.923  acc_1: 0.538  |  loss_2:1.937  acc_2: 0.520
epoch: 39/ 150 iter:   0/ 125  |  loss_1: 1.944  acc_1: 0.522  |  loss_2:1.881  acc_2: 0.580
epoch: 39/ 150 iter:  10/ 125  |  loss_1: 1.960  acc_1: 0.498  |  loss_2:1.966  acc_2: 0.495
epoch: 39/ 150 iter:  20/ 125  |  loss_1: 1.955  acc_1: 0.498  |  loss_2:1.936  acc_2: 0.521
epoch: 39/ 150 iter:  30/ 125  |  loss_1: 1.952  acc_1: 0.499  |  loss_2:1.962  acc_2: 0.497
epoch: 39/ 150 iter:  40/ 125  |  loss_1: 1.953  acc_1: 0.504  |  loss_2:1.941  acc_2: 0.526
epoch: 39/ 150 iter:  50/ 125  |  loss_1: 1.962  acc_1: 0.496  |  loss_2:1.918  acc_2: 0.541
epoch: 39/ 150 iter:  60/ 125  |  loss_1: 1.934  acc_1: 0.530  |  loss_2:1.931  acc_2: 0.530
epoch: 39/ 150 iter:  70/ 125  |  loss_1: 1.930  acc_1: 0.526  |  loss_2:1.975  acc_2: 0.487
epoch: 39/ 150 iter:  80/ 125  |  loss_1: 1.942  acc_1: 0.517  |  loss_2:1.969  acc_2: 0.499
epoch: 39/ 150 iter:  90/ 125  |  loss_1: 1.938  acc_1: 0.518  |  loss_2:1.894  acc_2: 0.570
epoch: 39/ 150 iter: 100/ 125  |  loss_1: 1.965  acc_1: 0.489  |  loss_2:1.976  acc_2: 0.479
epoch: 39/ 150 iter: 110/ 125  |  loss_1: 1.919  acc_1: 0.542  |  loss_2:2.008  acc_2: 0.453
epoch: 39/ 150 iter: 120/ 125  |  loss_1: 1.985  acc_1: 0.464  |  loss_2:1.992  acc_2: 0.464
epoch: 40/ 150 iter:   0/ 125  |  loss_1: 1.929  acc_1: 0.534  |  loss_2:1.936  acc_2: 0.521
epoch: 40/ 150 iter:  10/ 125  |  loss_1: 2.001  acc_1: 0.458  |  loss_2:1.963  acc_2: 0.498
epoch: 40/ 150 iter:  20/ 125  |  loss_1: 1.959  acc_1: 0.508  |  loss_2:1.972  acc_2: 0.479
epoch: 40/ 150 iter:  30/ 125  |  loss_1: 1.966  acc_1: 0.493  |  loss_2:1.932  acc_2: 0.516
epoch: 40/ 150 iter:  40/ 125  |  loss_1: 1.953  acc_1: 0.504  |  loss_2:1.915  acc_2: 0.545
epoch: 40/ 150 iter:  50/ 125  |  loss_1: 1.955  acc_1: 0.505  |  loss_2:1.977  acc_2: 0.473
epoch: 40/ 150 iter:  60/ 125  |  loss_1: 1.960  acc_1: 0.495  |  loss_2:1.889  acc_2: 0.568
epoch: 40/ 150 iter:  70/ 125  |  loss_1: 1.985  acc_1: 0.479  |  loss_2:1.963  acc_2: 0.493
epoch: 40/ 150 iter:  80/ 125  |  loss_1: 1.930  acc_1: 0.534  |  loss_2:1.994  acc_2: 0.454
epoch: 40/ 150 iter:  90/ 125  |  loss_1: 1.974  acc_1: 0.480  |  loss_2:1.964  acc_2: 0.494
epoch: 40/ 150 iter: 100/ 125  |  loss_1: 1.975  acc_1: 0.490  |  loss_2:1.938  acc_2: 0.527
epoch: 40/ 150 iter: 110/ 125  |  loss_1: 1.904  acc_1: 0.553  |  loss_2:1.932  acc_2: 0.523
epoch: 40/ 150 iter: 120/ 125  |  loss_1: 1.934  acc_1: 0.533  |  loss_2:1.956  acc_2: 0.509
epoch: 41/ 150 iter:   0/ 125  |  loss_1: 1.979  acc_1: 0.473  |  loss_2:1.904  acc_2: 0.568
epoch: 41/ 150 iter:  10/ 125  |  loss_1: 1.986  acc_1: 0.479  |  loss_2:1.905  acc_2: 0.559
epoch: 41/ 150 iter:  20/ 125  |  loss_1: 1.965  acc_1: 0.491  |  loss_2:1.892  acc_2: 0.567
epoch: 41/ 150 iter:  30/ 125  |  loss_1: 1.933  acc_1: 0.531  |  loss_2:1.961  acc_2: 0.500
epoch: 41/ 150 iter:  40/ 125  |  loss_1: 1.909  acc_1: 0.559  |  loss_2:1.946  acc_2: 0.509
epoch: 41/ 150 iter:  50/ 125  |  loss_1: 2.011  acc_1: 0.453  |  loss_2:1.922  acc_2: 0.534
epoch: 41/ 150 iter:  60/ 125  |  loss_1: 1.964  acc_1: 0.495  |  loss_2:1.969  acc_2: 0.482
epoch: 41/ 150 iter:  70/ 125  |  loss_1: 1.941  acc_1: 0.521  |  loss_2:1.876  acc_2: 0.596
epoch: 41/ 150 iter:  80/ 125  |  loss_1: 1.913  acc_1: 0.543  |  loss_2:1.883  acc_2: 0.565
epoch: 41/ 150 iter:  90/ 125  |  loss_1: 1.951  acc_1: 0.511  |  loss_2:1.905  acc_2: 0.546
epoch: 41/ 150 iter: 100/ 125  |  loss_1: 1.933  acc_1: 0.533  |  loss_2:1.932  acc_2: 0.536
epoch: 41/ 150 iter: 110/ 125  |  loss_1: 1.944  acc_1: 0.509  |  loss_2:1.935  acc_2: 0.528
epoch: 41/ 150 iter: 120/ 125  |  loss_1: 1.991  acc_1: 0.466  |  loss_2:1.979  acc_2: 0.480
epoch: 42/ 150 iter:   0/ 125  |  loss_1: 1.936  acc_1: 0.526  |  loss_2:1.941  acc_2: 0.524
epoch: 42/ 150 iter:  10/ 125  |  loss_1: 1.995  acc_1: 0.457  |  loss_2:1.942  acc_2: 0.520
epoch: 42/ 150 iter:  20/ 125  |  loss_1: 1.930  acc_1: 0.524  |  loss_2:1.911  acc_2: 0.545
epoch: 42/ 150 iter:  30/ 125  |  loss_1: 1.962  acc_1: 0.497  |  loss_2:1.906  acc_2: 0.545
epoch: 42/ 150 iter:  40/ 125  |  loss_1: 1.910  acc_1: 0.550  |  loss_2:1.935  acc_2: 0.520
epoch: 42/ 150 iter:  50/ 125  |  loss_1: 1.918  acc_1: 0.532  |  loss_2:1.937  acc_2: 0.527
epoch: 42/ 150 iter:  60/ 125  |  loss_1: 1.935  acc_1: 0.533  |  loss_2:1.863  acc_2: 0.599
epoch: 42/ 150 iter:  70/ 125  |  loss_1: 1.974  acc_1: 0.493  |  loss_2:1.926  acc_2: 0.532
epoch: 42/ 150 iter:  80/ 125  |  loss_1: 1.946  acc_1: 0.514  |  loss_2:1.906  acc_2: 0.553
epoch: 42/ 150 iter:  90/ 125  |  loss_1: 1.939  acc_1: 0.521  |  loss_2:1.941  acc_2: 0.522
epoch: 42/ 150 iter: 100/ 125  |  loss_1: 1.947  acc_1: 0.503  |  loss_2:1.945  acc_2: 0.509
epoch: 42/ 150 iter: 110/ 125  |  loss_1: 1.965  acc_1: 0.489  |  loss_2:1.961  acc_2: 0.497
epoch: 42/ 150 iter: 120/ 125  |  loss_1: 1.910  acc_1: 0.544  |  loss_2:1.917  acc_2: 0.541
epoch: 43/ 150 iter:   0/ 125  |  loss_1: 1.939  acc_1: 0.512  |  loss_2:1.912  acc_2: 0.542
epoch: 43/ 150 iter:  10/ 125  |  loss_1: 1.938  acc_1: 0.515  |  loss_2:1.916  acc_2: 0.540
epoch: 43/ 150 iter:  20/ 125  |  loss_1: 1.926  acc_1: 0.536  |  loss_2:1.905  acc_2: 0.556
epoch: 43/ 150 iter:  30/ 125  |  loss_1: 1.940  acc_1: 0.517  |  loss_2:1.941  acc_2: 0.515
epoch: 43/ 150 iter:  40/ 125  |  loss_1: 1.969  acc_1: 0.489  |  loss_2:1.869  acc_2: 0.595
epoch: 43/ 150 iter:  50/ 125  |  loss_1: 1.916  acc_1: 0.545  |  loss_2:1.925  acc_2: 0.533
epoch: 43/ 150 iter:  60/ 125  |  loss_1: 1.950  acc_1: 0.507  |  loss_2:1.934  acc_2: 0.526
epoch: 43/ 150 iter:  70/ 125  |  loss_1: 1.946  acc_1: 0.513  |  loss_2:1.983  acc_2: 0.476
epoch: 43/ 150 iter:  80/ 125  |  loss_1: 1.908  acc_1: 0.552  |  loss_2:1.877  acc_2: 0.587
epoch: 43/ 150 iter:  90/ 125  |  loss_1: 1.929  acc_1: 0.533  |  loss_2:1.934  acc_2: 0.514
epoch: 43/ 150 iter: 100/ 125  |  loss_1: 1.939  acc_1: 0.523  |  loss_2:1.921  acc_2: 0.534
epoch: 43/ 150 iter: 110/ 125  |  loss_1: 1.943  acc_1: 0.519  |  loss_2:1.901  acc_2: 0.564
epoch: 43/ 150 iter: 120/ 125  |  loss_1: 1.975  acc_1: 0.482  |  loss_2:1.918  acc_2: 0.541
epoch: 44/ 150 iter:   0/ 125  |  loss_1: 1.969  acc_1: 0.481  |  loss_2:1.918  acc_2: 0.543
epoch: 44/ 150 iter:  10/ 125  |  loss_1: 1.953  acc_1: 0.507  |  loss_2:1.956  acc_2: 0.500
epoch: 44/ 150 iter:  20/ 125  |  loss_1: 1.937  acc_1: 0.517  |  loss_2:1.950  acc_2: 0.517
epoch: 44/ 150 iter:  30/ 125  |  loss_1: 1.974  acc_1: 0.492  |  loss_2:1.931  acc_2: 0.535
epoch: 44/ 150 iter:  40/ 125  |  loss_1: 1.965  acc_1: 0.491  |  loss_2:1.923  acc_2: 0.533
epoch: 44/ 150 iter:  50/ 125  |  loss_1: 1.940  acc_1: 0.524  |  loss_2:1.935  acc_2: 0.518
epoch: 44/ 150 iter:  60/ 125  |  loss_1: 1.962  acc_1: 0.494  |  loss_2:1.967  acc_2: 0.486
epoch: 44/ 150 iter:  70/ 125  |  loss_1: 1.906  acc_1: 0.550  |  loss_2:1.939  acc_2: 0.533
epoch: 44/ 150 iter:  80/ 125  |  loss_1: 1.888  acc_1: 0.575  |  loss_2:1.971  acc_2: 0.485
epoch: 44/ 150 iter:  90/ 125  |  loss_1: 1.928  acc_1: 0.532  |  loss_2:1.945  acc_2: 0.519
epoch: 44/ 150 iter: 100/ 125  |  loss_1: 1.934  acc_1: 0.529  |  loss_2:1.928  acc_2: 0.529
epoch: 44/ 150 iter: 110/ 125  |  loss_1: 1.929  acc_1: 0.528  |  loss_2:1.901  acc_2: 0.554
epoch: 44/ 150 iter: 120/ 125  |  loss_1: 1.943  acc_1: 0.512  |  loss_2:1.941  acc_2: 0.526
epoch: 45/ 150 iter:   0/ 125  |  loss_1: 1.948  acc_1: 0.515  |  loss_2:1.914  acc_2: 0.549
epoch: 45/ 150 iter:  10/ 125  |  loss_1: 1.964  acc_1: 0.494  |  loss_2:1.946  acc_2: 0.512
epoch: 45/ 150 iter:  20/ 125  |  loss_1: 1.945  acc_1: 0.517  |  loss_2:1.941  acc_2: 0.523
epoch: 45/ 150 iter:  30/ 125  |  loss_1: 1.908  acc_1: 0.555  |  loss_2:1.956  acc_2: 0.506
epoch: 45/ 150 iter:  40/ 125  |  loss_1: 1.975  acc_1: 0.473  |  loss_2:1.922  acc_2: 0.539
epoch: 45/ 150 iter:  50/ 125  |  loss_1: 1.920  acc_1: 0.542  |  loss_2:1.896  acc_2: 0.566
epoch: 45/ 150 iter:  60/ 125  |  loss_1: 1.929  acc_1: 0.525  |  loss_2:1.919  acc_2: 0.548
epoch: 45/ 150 iter:  70/ 125  |  loss_1: 1.974  acc_1: 0.494  |  loss_2:1.926  acc_2: 0.535
epoch: 45/ 150 iter:  80/ 125  |  loss_1: 1.980  acc_1: 0.479  |  loss_2:1.928  acc_2: 0.538
epoch: 45/ 150 iter:  90/ 125  |  loss_1: 1.939  acc_1: 0.523  |  loss_2:1.975  acc_2: 0.479
epoch: 45/ 150 iter: 100/ 125  |  loss_1: 1.948  acc_1: 0.500  |  loss_2:1.887  acc_2: 0.568
epoch: 45/ 150 iter: 110/ 125  |  loss_1: 1.919  acc_1: 0.534  |  loss_2:1.887  acc_2: 0.572
epoch: 45/ 150 iter: 120/ 125  |  loss_1: 1.878  acc_1: 0.585  |  loss_2:1.914  acc_2: 0.547
epoch: 46/ 150 iter:   0/ 125  |  loss_1: 1.895  acc_1: 0.565  |  loss_2:1.945  acc_2: 0.514
epoch: 46/ 150 iter:  10/ 125  |  loss_1: 1.923  acc_1: 0.539  |  loss_2:1.939  acc_2: 0.517
epoch: 46/ 150 iter:  20/ 125  |  loss_1: 1.949  acc_1: 0.521  |  loss_2:1.885  acc_2: 0.575
epoch: 46/ 150 iter:  30/ 125  |  loss_1: 1.908  acc_1: 0.551  |  loss_2:1.966  acc_2: 0.496
epoch: 46/ 150 iter:  40/ 125  |  loss_1: 1.933  acc_1: 0.531  |  loss_2:1.923  acc_2: 0.535
epoch: 46/ 150 iter:  50/ 125  |  loss_1: 1.906  acc_1: 0.557  |  loss_2:1.920  acc_2: 0.545
epoch: 46/ 150 iter:  60/ 125  |  loss_1: 2.021  acc_1: 0.428  |  loss_2:1.996  acc_2: 0.462
epoch: 46/ 150 iter:  70/ 125  |  loss_1: 1.914  acc_1: 0.552  |  loss_2:1.914  acc_2: 0.548
epoch: 46/ 150 iter:  80/ 125  |  loss_1: 1.922  acc_1: 0.532  |  loss_2:1.922  acc_2: 0.534
epoch: 46/ 150 iter:  90/ 125  |  loss_1: 1.943  acc_1: 0.515  |  loss_2:1.924  acc_2: 0.533
epoch: 46/ 150 iter: 100/ 125  |  loss_1: 1.933  acc_1: 0.514  |  loss_2:1.926  acc_2: 0.541
epoch: 46/ 150 iter: 110/ 125  |  loss_1: 1.936  acc_1: 0.520  |  loss_2:1.896  acc_2: 0.564
epoch: 46/ 150 iter: 120/ 125  |  loss_1: 1.951  acc_1: 0.514  |  loss_2:1.940  acc_2: 0.523
epoch: 47/ 150 iter:   0/ 125  |  loss_1: 2.000  acc_1: 0.459  |  loss_2:1.940  acc_2: 0.520
epoch: 47/ 150 iter:  10/ 125  |  loss_1: 1.935  acc_1: 0.517  |  loss_2:1.895  acc_2: 0.569
epoch: 47/ 150 iter:  20/ 125  |  loss_1: 1.913  acc_1: 0.543  |  loss_2:1.923  acc_2: 0.543
epoch: 47/ 150 iter:  30/ 125  |  loss_1: 1.930  acc_1: 0.532  |  loss_2:1.912  acc_2: 0.548
epoch: 47/ 150 iter:  40/ 125  |  loss_1: 1.940  acc_1: 0.515  |  loss_2:1.938  acc_2: 0.511
epoch: 47/ 150 iter:  50/ 125  |  loss_1: 1.973  acc_1: 0.482  |  loss_2:1.996  acc_2: 0.457
epoch: 47/ 150 iter:  60/ 125  |  loss_1: 1.970  acc_1: 0.483  |  loss_2:1.911  acc_2: 0.556
epoch: 47/ 150 iter:  70/ 125  |  loss_1: 1.935  acc_1: 0.525  |  loss_2:1.942  acc_2: 0.525
epoch: 47/ 150 iter:  80/ 125  |  loss_1: 1.938  acc_1: 0.526  |  loss_2:1.933  acc_2: 0.524
epoch: 47/ 150 iter:  90/ 125  |  loss_1: 1.964  acc_1: 0.495  |  loss_2:1.891  acc_2: 0.574
epoch: 47/ 150 iter: 100/ 125  |  loss_1: 1.923  acc_1: 0.545  |  loss_2:1.894  acc_2: 0.566
epoch: 47/ 150 iter: 110/ 125  |  loss_1: 1.937  acc_1: 0.515  |  loss_2:1.872  acc_2: 0.598
epoch: 47/ 150 iter: 120/ 125  |  loss_1: 1.932  acc_1: 0.535  |  loss_2:1.894  acc_2: 0.559
epoch: 48/ 150 iter:   0/ 125  |  loss_1: 1.948  acc_1: 0.518  |  loss_2:1.929  acc_2: 0.528
epoch: 48/ 150 iter:  10/ 125  |  loss_1: 1.960  acc_1: 0.500  |  loss_2:1.921  acc_2: 0.551
epoch: 48/ 150 iter:  20/ 125  |  loss_1: 1.901  acc_1: 0.576  |  loss_2:1.947  acc_2: 0.505
epoch: 48/ 150 iter:  30/ 125  |  loss_1: 1.935  acc_1: 0.522  |  loss_2:1.926  acc_2: 0.528
epoch: 48/ 150 iter:  40/ 125  |  loss_1: 1.948  acc_1: 0.513  |  loss_2:1.986  acc_2: 0.479
epoch: 48/ 150 iter:  50/ 125  |  loss_1: 1.966  acc_1: 0.489  |  loss_2:1.952  acc_2: 0.508
epoch: 48/ 150 iter:  60/ 125  |  loss_1: 1.926  acc_1: 0.530  |  loss_2:1.921  acc_2: 0.539
epoch: 48/ 150 iter:  70/ 125  |  loss_1: 1.943  acc_1: 0.521  |  loss_2:1.880  acc_2: 0.580
epoch: 48/ 150 iter:  80/ 125  |  loss_1: 1.924  acc_1: 0.533  |  loss_2:1.931  acc_2: 0.521
epoch: 48/ 150 iter:  90/ 125  |  loss_1: 1.977  acc_1: 0.481  |  loss_2:1.905  acc_2: 0.553
epoch: 48/ 150 iter: 100/ 125  |  loss_1: 1.948  acc_1: 0.512  |  loss_2:1.881  acc_2: 0.571
epoch: 48/ 150 iter: 110/ 125  |  loss_1: 1.930  acc_1: 0.523  |  loss_2:1.882  acc_2: 0.587
epoch: 48/ 150 iter: 120/ 125  |  loss_1: 1.937  acc_1: 0.524  |  loss_2:1.920  acc_2: 0.544
epoch: 49/ 150 iter:   0/ 125  |  loss_1: 1.955  acc_1: 0.509  |  loss_2:1.957  acc_2: 0.503
epoch: 49/ 150 iter:  10/ 125  |  loss_1: 1.931  acc_1: 0.528  |  loss_2:1.944  acc_2: 0.521
epoch: 49/ 150 iter:  20/ 125  |  loss_1: 1.962  acc_1: 0.503  |  loss_2:2.011  acc_2: 0.442
epoch: 49/ 150 iter:  30/ 125  |  loss_1: 1.922  acc_1: 0.532  |  loss_2:1.936  acc_2: 0.523
epoch: 49/ 150 iter:  40/ 125  |  loss_1: 1.974  acc_1: 0.491  |  loss_2:1.949  acc_2: 0.507
epoch: 49/ 150 iter:  50/ 125  |  loss_1: 1.947  acc_1: 0.518  |  loss_2:1.903  acc_2: 0.556
epoch: 49/ 150 iter:  60/ 125  |  loss_1: 1.952  acc_1: 0.510  |  loss_2:1.976  acc_2: 0.467
epoch: 49/ 150 iter:  70/ 125  |  loss_1: 1.993  acc_1: 0.468  |  loss_2:1.941  acc_2: 0.512
epoch: 49/ 150 iter:  80/ 125  |  loss_1: 1.918  acc_1: 0.553  |  loss_2:1.962  acc_2: 0.493
epoch: 49/ 150 iter:  90/ 125  |  loss_1: 1.958  acc_1: 0.507  |  loss_2:1.953  acc_2: 0.505
epoch: 49/ 150 iter: 100/ 125  |  loss_1: 1.920  acc_1: 0.552  |  loss_2:1.909  acc_2: 0.543
epoch: 49/ 150 iter: 110/ 125  |  loss_1: 1.956  acc_1: 0.504  |  loss_2:1.888  acc_2: 0.569
epoch: 49/ 150 iter: 120/ 125  |  loss_1: 1.926  acc_1: 0.534  |  loss_2:1.952  acc_2: 0.509
epoch: 50/ 150 iter:   0/ 125  |  loss_1: 1.946  acc_1: 0.513  |  loss_2:1.998  acc_2: 0.466
epoch: 50/ 150 iter:  10/ 125  |  loss_1: 1.934  acc_1: 0.522  |  loss_2:1.935  acc_2: 0.524
epoch: 50/ 150 iter:  20/ 125  |  loss_1: 1.960  acc_1: 0.500  |  loss_2:1.937  acc_2: 0.528
epoch: 50/ 150 iter:  30/ 125  |  loss_1: 1.945  acc_1: 0.517  |  loss_2:1.970  acc_2: 0.490
epoch: 50/ 150 iter:  40/ 125  |  loss_1: 1.918  acc_1: 0.538  |  loss_2:1.905  acc_2: 0.561
epoch: 50/ 150 iter:  50/ 125  |  loss_1: 1.946  acc_1: 0.512  |  loss_2:1.931  acc_2: 0.519
epoch: 50/ 150 iter:  60/ 125  |  loss_1: 1.903  acc_1: 0.564  |  loss_2:1.937  acc_2: 0.517
epoch: 50/ 150 iter:  70/ 125  |  loss_1: 1.928  acc_1: 0.532  |  loss_2:1.960  acc_2: 0.499
epoch: 50/ 150 iter:  80/ 125  |  loss_1: 1.941  acc_1: 0.522  |  loss_2:1.971  acc_2: 0.489
epoch: 50/ 150 iter:  90/ 125  |  loss_1: 1.900  acc_1: 0.569  |  loss_2:1.966  acc_2: 0.496
epoch: 50/ 150 iter: 100/ 125  |  loss_1: 1.936  acc_1: 0.521  |  loss_2:1.940  acc_2: 0.532
epoch: 50/ 150 iter: 110/ 125  |  loss_1: 1.930  acc_1: 0.532  |  loss_2:1.930  acc_2: 0.536
epoch: 50/ 150 iter: 120/ 125  |  loss_1: 1.923  acc_1: 0.541  |  loss_2:1.925  acc_2: 0.540
epoch: 51/ 150 iter:   0/ 125  |  loss_1: 1.986  acc_1: 0.470  |  loss_2:1.963  acc_2: 0.496
epoch: 51/ 150 iter:  10/ 125  |  loss_1: 1.885  acc_1: 0.584  |  loss_2:1.950  acc_2: 0.506
epoch: 51/ 150 iter:  20/ 125  |  loss_1: 1.952  acc_1: 0.506  |  loss_2:1.968  acc_2: 0.489
epoch: 51/ 150 iter:  30/ 125  |  loss_1: 1.922  acc_1: 0.545  |  loss_2:1.949  acc_2: 0.513
epoch: 51/ 150 iter:  40/ 125  |  loss_1: 1.933  acc_1: 0.523  |  loss_2:1.952  acc_2: 0.507
epoch: 51/ 150 iter:  50/ 125  |  loss_1: 1.942  acc_1: 0.513  |  loss_2:1.974  acc_2: 0.489
epoch: 51/ 150 iter:  60/ 125  |  loss_1: 1.952  acc_1: 0.513  |  loss_2:1.927  acc_2: 0.533
epoch: 51/ 150 iter:  70/ 125  |  loss_1: 1.909  acc_1: 0.551  |  loss_2:1.932  acc_2: 0.527
epoch: 51/ 150 iter:  80/ 125  |  loss_1: 1.945  acc_1: 0.515  |  loss_2:1.960  acc_2: 0.501
epoch: 51/ 150 iter:  90/ 125  |  loss_1: 1.911  acc_1: 0.547  |  loss_2:1.959  acc_2: 0.491
epoch: 51/ 150 iter: 100/ 125  |  loss_1: 1.966  acc_1: 0.488  |  loss_2:1.909  acc_2: 0.545
epoch: 51/ 150 iter: 110/ 125  |  loss_1: 1.916  acc_1: 0.541  |  loss_2:1.884  acc_2: 0.581
epoch: 51/ 150 iter: 120/ 125  |  loss_1: 1.948  acc_1: 0.512  |  loss_2:1.889  acc_2: 0.576
epoch: 52/ 150 iter:   0/ 125  |  loss_1: 1.950  acc_1: 0.525  |  loss_2:1.880  acc_2: 0.583
epoch: 52/ 150 iter:  10/ 125  |  loss_1: 1.928  acc_1: 0.528  |  loss_2:1.954  acc_2: 0.507
epoch: 52/ 150 iter:  20/ 125  |  loss_1: 1.947  acc_1: 0.509  |  loss_2:1.931  acc_2: 0.522
epoch: 52/ 150 iter:  30/ 125  |  loss_1: 1.927  acc_1: 0.523  |  loss_2:1.949  acc_2: 0.509
epoch: 52/ 150 iter:  40/ 125  |  loss_1: 1.885  acc_1: 0.572  |  loss_2:1.920  acc_2: 0.540
epoch: 52/ 150 iter:  50/ 125  |  loss_1: 1.928  acc_1: 0.529  |  loss_2:1.941  acc_2: 0.522
epoch: 52/ 150 iter:  60/ 125  |  loss_1: 1.950  acc_1: 0.507  |  loss_2:1.888  acc_2: 0.573
epoch: 52/ 150 iter:  70/ 125  |  loss_1: 1.913  acc_1: 0.555  |  loss_2:1.910  acc_2: 0.544
epoch: 52/ 150 iter:  80/ 125  |  loss_1: 1.895  acc_1: 0.569  |  loss_2:1.945  acc_2: 0.513
epoch: 52/ 150 iter:  90/ 125  |  loss_1: 1.977  acc_1: 0.481  |  loss_2:1.934  acc_2: 0.527
epoch: 52/ 150 iter: 100/ 125  |  loss_1: 1.943  acc_1: 0.520  |  loss_2:1.925  acc_2: 0.530
epoch: 52/ 150 iter: 110/ 125  |  loss_1: 1.993  acc_1: 0.467  |  loss_2:1.920  acc_2: 0.544
epoch: 52/ 150 iter: 120/ 125  |  loss_1: 1.972  acc_1: 0.482  |  loss_2:1.949  acc_2: 0.514
epoch: 53/ 150 iter:   0/ 125  |  loss_1: 1.981  acc_1: 0.470  |  loss_2:1.891  acc_2: 0.571
epoch: 53/ 150 iter:  10/ 125  |  loss_1: 1.923  acc_1: 0.539  |  loss_2:1.972  acc_2: 0.487
epoch: 53/ 150 iter:  20/ 125  |  loss_1: 1.941  acc_1: 0.513  |  loss_2:1.950  acc_2: 0.505
epoch: 53/ 150 iter:  30/ 125  |  loss_1: 1.904  acc_1: 0.558  |  loss_2:1.954  acc_2: 0.509
epoch: 53/ 150 iter:  40/ 125  |  loss_1: 1.923  acc_1: 0.547  |  loss_2:1.910  acc_2: 0.554
epoch: 53/ 150 iter:  50/ 125  |  loss_1: 1.950  acc_1: 0.519  |  loss_2:1.935  acc_2: 0.526
epoch: 53/ 150 iter:  60/ 125  |  loss_1: 1.976  acc_1: 0.472  |  loss_2:1.963  acc_2: 0.494
epoch: 53/ 150 iter:  70/ 125  |  loss_1: 1.869  acc_1: 0.595  |  loss_2:1.955  acc_2: 0.506
epoch: 53/ 150 iter:  80/ 125  |  loss_1: 1.922  acc_1: 0.543  |  loss_2:1.965  acc_2: 0.491
epoch: 53/ 150 iter:  90/ 125  |  loss_1: 1.908  acc_1: 0.554  |  loss_2:1.900  acc_2: 0.561
epoch: 53/ 150 iter: 100/ 125  |  loss_1: 1.886  acc_1: 0.582  |  loss_2:1.930  acc_2: 0.532
epoch: 53/ 150 iter: 110/ 125  |  loss_1: 1.931  acc_1: 0.528  |  loss_2:1.910  acc_2: 0.555
epoch: 53/ 150 iter: 120/ 125  |  loss_1: 1.942  acc_1: 0.506  |  loss_2:1.906  acc_2: 0.553
epoch: 54/ 150 iter:   0/ 125  |  loss_1: 1.944  acc_1: 0.522  |  loss_2:1.931  acc_2: 0.530
epoch: 54/ 150 iter:  10/ 125  |  loss_1: 1.960  acc_1: 0.497  |  loss_2:1.917  acc_2: 0.547
epoch: 54/ 150 iter:  20/ 125  |  loss_1: 1.941  acc_1: 0.523  |  loss_2:1.910  acc_2: 0.551
epoch: 54/ 150 iter:  30/ 125  |  loss_1: 1.921  acc_1: 0.538  |  loss_2:1.902  acc_2: 0.565
epoch: 54/ 150 iter:  40/ 125  |  loss_1: 1.932  acc_1: 0.530  |  loss_2:1.915  acc_2: 0.544
epoch: 54/ 150 iter:  50/ 125  |  loss_1: 1.950  acc_1: 0.507  |  loss_2:1.903  acc_2: 0.548
epoch: 54/ 150 iter:  60/ 125  |  loss_1: 1.964  acc_1: 0.491  |  loss_2:1.945  acc_2: 0.514
epoch: 54/ 150 iter:  70/ 125  |  loss_1: 1.948  acc_1: 0.509  |  loss_2:1.863  acc_2: 0.594
epoch: 54/ 150 iter:  80/ 125  |  loss_1: 1.961  acc_1: 0.504  |  loss_2:1.905  acc_2: 0.554
epoch: 54/ 150 iter:  90/ 125  |  loss_1: 1.912  acc_1: 0.546  |  loss_2:1.920  acc_2: 0.540
epoch: 54/ 150 iter: 100/ 125  |  loss_1: 1.932  acc_1: 0.521  |  loss_2:1.944  acc_2: 0.510
epoch: 54/ 150 iter: 110/ 125  |  loss_1: 1.953  acc_1: 0.503  |  loss_2:1.957  acc_2: 0.503
epoch: 54/ 150 iter: 120/ 125  |  loss_1: 1.904  acc_1: 0.554  |  loss_2:1.890  acc_2: 0.574
epoch: 55/ 150 iter:   0/ 125  |  loss_1: 1.915  acc_1: 0.545  |  loss_2:1.915  acc_2: 0.545
epoch: 55/ 150 iter:  10/ 125  |  loss_1: 1.979  acc_1: 0.483  |  loss_2:1.941  acc_2: 0.523
epoch: 55/ 150 iter:  20/ 125  |  loss_1: 1.963  acc_1: 0.490  |  loss_2:1.919  acc_2: 0.541
epoch: 55/ 150 iter:  30/ 125  |  loss_1: 1.928  acc_1: 0.532  |  loss_2:1.938  acc_2: 0.521
epoch: 55/ 150 iter:  40/ 125  |  loss_1: 1.963  acc_1: 0.488  |  loss_2:1.939  acc_2: 0.518
epoch: 55/ 150 iter:  50/ 125  |  loss_1: 1.954  acc_1: 0.507  |  loss_2:1.918  acc_2: 0.540
epoch: 55/ 150 iter:  60/ 125  |  loss_1: 1.952  acc_1: 0.510  |  loss_2:1.955  acc_2: 0.514
epoch: 55/ 150 iter:  70/ 125  |  loss_1: 1.923  acc_1: 0.536  |  loss_2:1.891  acc_2: 0.554
epoch: 55/ 150 iter:  80/ 125  |  loss_1: 1.924  acc_1: 0.545  |  loss_2:1.923  acc_2: 0.537
epoch: 55/ 150 iter:  90/ 125  |  loss_1: 1.944  acc_1: 0.507  |  loss_2:1.913  acc_2: 0.552
epoch: 55/ 150 iter: 100/ 125  |  loss_1: 1.877  acc_1: 0.590  |  loss_2:1.937  acc_2: 0.525
epoch: 55/ 150 iter: 110/ 125  |  loss_1: 1.902  acc_1: 0.561  |  loss_2:1.936  acc_2: 0.531
epoch: 55/ 150 iter: 120/ 125  |  loss_1: 1.935  acc_1: 0.522  |  loss_2:1.915  acc_2: 0.547
epoch: 56/ 150 iter:   0/ 125  |  loss_1: 1.934  acc_1: 0.515  |  loss_2:1.937  acc_2: 0.526
epoch: 56/ 150 iter:  10/ 125  |  loss_1: 1.909  acc_1: 0.554  |  loss_2:1.958  acc_2: 0.497
epoch: 56/ 150 iter:  20/ 125  |  loss_1: 1.931  acc_1: 0.538  |  loss_2:1.913  acc_2: 0.555
epoch: 56/ 150 iter:  30/ 125  |  loss_1: 1.938  acc_1: 0.530  |  loss_2:1.912  acc_2: 0.550
epoch: 56/ 150 iter:  40/ 125  |  loss_1: 1.932  acc_1: 0.525  |  loss_2:1.908  acc_2: 0.556
epoch: 56/ 150 iter:  50/ 125  |  loss_1: 1.913  acc_1: 0.547  |  loss_2:1.950  acc_2: 0.509
epoch: 56/ 150 iter:  60/ 125  |  loss_1: 1.881  acc_1: 0.579  |  loss_2:1.966  acc_2: 0.495
epoch: 56/ 150 iter:  70/ 125  |  loss_1: 1.936  acc_1: 0.521  |  loss_2:1.914  acc_2: 0.553
epoch: 56/ 150 iter:  80/ 125  |  loss_1: 1.940  acc_1: 0.522  |  loss_2:1.939  acc_2: 0.519
epoch: 56/ 150 iter:  90/ 125  |  loss_1: 1.990  acc_1: 0.466  |  loss_2:1.941  acc_2: 0.509
epoch: 56/ 150 iter: 100/ 125  |  loss_1: 1.981  acc_1: 0.474  |  loss_2:1.935  acc_2: 0.530
epoch: 56/ 150 iter: 110/ 125  |  loss_1: 1.917  acc_1: 0.541  |  loss_2:1.960  acc_2: 0.498
epoch: 56/ 150 iter: 120/ 125  |  loss_1: 1.943  acc_1: 0.511  |  loss_2:1.920  acc_2: 0.536
epoch: 57/ 150 iter:   0/ 125  |  loss_1: 1.950  acc_1: 0.506  |  loss_2:1.965  acc_2: 0.488
epoch: 57/ 150 iter:  10/ 125  |  loss_1: 1.979  acc_1: 0.477  |  loss_2:1.925  acc_2: 0.530
epoch: 57/ 150 iter:  20/ 125  |  loss_1: 1.932  acc_1: 0.523  |  loss_2:1.948  acc_2: 0.507
epoch: 57/ 150 iter:  30/ 125  |  loss_1: 1.931  acc_1: 0.521  |  loss_2:1.925  acc_2: 0.526
epoch: 57/ 150 iter:  40/ 125  |  loss_1: 1.928  acc_1: 0.532  |  loss_2:1.929  acc_2: 0.529
epoch: 57/ 150 iter:  50/ 125  |  loss_1: 1.953  acc_1: 0.505  |  loss_2:1.969  acc_2: 0.484
epoch: 57/ 150 iter:  60/ 125  |  loss_1: 1.920  acc_1: 0.543  |  loss_2:1.900  acc_2: 0.566
epoch: 57/ 150 iter:  70/ 125  |  loss_1: 1.931  acc_1: 0.533  |  loss_2:1.924  acc_2: 0.534
epoch: 57/ 150 iter:  80/ 125  |  loss_1: 1.926  acc_1: 0.521  |  loss_2:1.903  acc_2: 0.567
epoch: 57/ 150 iter:  90/ 125  |  loss_1: 1.910  acc_1: 0.557  |  loss_2:1.905  acc_2: 0.555
epoch: 57/ 150 iter: 100/ 125  |  loss_1: 1.921  acc_1: 0.540  |  loss_2:1.924  acc_2: 0.535
epoch: 57/ 150 iter: 110/ 125  |  loss_1: 1.943  acc_1: 0.519  |  loss_2:1.954  acc_2: 0.512
epoch: 57/ 150 iter: 120/ 125  |  loss_1: 1.929  acc_1: 0.529  |  loss_2:1.890  acc_2: 0.575
epoch: 58/ 150 iter:   0/ 125  |  loss_1: 1.934  acc_1: 0.531  |  loss_2:1.919  acc_2: 0.541
epoch: 58/ 150 iter:  10/ 125  |  loss_1: 1.976  acc_1: 0.484  |  loss_2:1.950  acc_2: 0.509
epoch: 58/ 150 iter:  20/ 125  |  loss_1: 1.893  acc_1: 0.571  |  loss_2:1.900  acc_2: 0.566
epoch: 58/ 150 iter:  30/ 125  |  loss_1: 1.902  acc_1: 0.558  |  loss_2:1.942  acc_2: 0.516
epoch: 58/ 150 iter:  40/ 125  |  loss_1: 1.969  acc_1: 0.501  |  loss_2:1.917  acc_2: 0.539
epoch: 58/ 150 iter:  50/ 125  |  loss_1: 1.932  acc_1: 0.529  |  loss_2:1.937  acc_2: 0.522
epoch: 58/ 150 iter:  60/ 125  |  loss_1: 1.919  acc_1: 0.543  |  loss_2:1.892  acc_2: 0.567
epoch: 58/ 150 iter:  70/ 125  |  loss_1: 1.955  acc_1: 0.511  |  loss_2:1.967  acc_2: 0.493
epoch: 58/ 150 iter:  80/ 125  |  loss_1: 1.921  acc_1: 0.536  |  loss_2:1.982  acc_2: 0.472
epoch: 58/ 150 iter:  90/ 125  |  loss_1: 1.946  acc_1: 0.506  |  loss_2:1.942  acc_2: 0.513
epoch: 58/ 150 iter: 100/ 125  |  loss_1: 1.940  acc_1: 0.513  |  loss_2:1.944  acc_2: 0.516
epoch: 58/ 150 iter: 110/ 125  |  loss_1: 1.965  acc_1: 0.493  |  loss_2:1.953  acc_2: 0.508
epoch: 58/ 150 iter: 120/ 125  |  loss_1: 1.965  acc_1: 0.492  |  loss_2:1.965  acc_2: 0.494
epoch: 59/ 150 iter:   0/ 125  |  loss_1: 1.924  acc_1: 0.546  |  loss_2:1.922  acc_2: 0.534
epoch: 59/ 150 iter:  10/ 125  |  loss_1: 1.941  acc_1: 0.520  |  loss_2:1.981  acc_2: 0.475
epoch: 59/ 150 iter:  20/ 125  |  loss_1: 1.966  acc_1: 0.486  |  loss_2:1.952  acc_2: 0.512
epoch: 59/ 150 iter:  30/ 125  |  loss_1: 1.977  acc_1: 0.478  |  loss_2:1.964  acc_2: 0.490
epoch: 59/ 150 iter:  40/ 125  |  loss_1: 1.960  acc_1: 0.497  |  loss_2:1.954  acc_2: 0.501
epoch: 59/ 150 iter:  50/ 125  |  loss_1: 1.944  acc_1: 0.510  |  loss_2:1.927  acc_2: 0.528
epoch: 59/ 150 iter:  60/ 125  |  loss_1: 1.928  acc_1: 0.530  |  loss_2:1.939  acc_2: 0.526
epoch: 59/ 150 iter:  70/ 125  |  loss_1: 1.933  acc_1: 0.524  |  loss_2:1.914  acc_2: 0.547
epoch: 59/ 150 iter:  80/ 125  |  loss_1: 1.923  acc_1: 0.541  |  loss_2:1.897  acc_2: 0.555
epoch: 59/ 150 iter:  90/ 125  |  loss_1: 1.944  acc_1: 0.516  |  loss_2:1.883  acc_2: 0.577
epoch: 59/ 150 iter: 100/ 125  |  loss_1: 1.955  acc_1: 0.508  |  loss_2:1.940  acc_2: 0.513
epoch: 59/ 150 iter: 110/ 125  |  loss_1: 1.930  acc_1: 0.525  |  loss_2:1.938  acc_2: 0.514
epoch: 59/ 150 iter: 120/ 125  |  loss_1: 1.900  acc_1: 0.568  |  loss_2:1.932  acc_2: 0.529
epoch: 60/ 150 iter:   0/ 125  |  loss_1: 1.923  acc_1: 0.545  |  loss_2:1.950  acc_2: 0.497
epoch: 60/ 150 iter:  10/ 125  |  loss_1: 1.925  acc_1: 0.532  |  loss_2:1.981  acc_2: 0.483
epoch: 60/ 150 iter:  20/ 125  |  loss_1: 1.981  acc_1: 0.478  |  loss_2:1.903  acc_2: 0.561
epoch: 60/ 150 iter:  30/ 125  |  loss_1: 1.903  acc_1: 0.558  |  loss_2:1.934  acc_2: 0.525
epoch: 60/ 150 iter:  40/ 125  |  loss_1: 1.918  acc_1: 0.546  |  loss_2:1.950  acc_2: 0.501
epoch: 60/ 150 iter:  50/ 125  |  loss_1: 1.913  acc_1: 0.548  |  loss_2:1.900  acc_2: 0.562
epoch: 60/ 150 iter:  60/ 125  |  loss_1: 1.936  acc_1: 0.522  |  loss_2:1.913  acc_2: 0.554
epoch: 60/ 150 iter:  70/ 125  |  loss_1: 1.924  acc_1: 0.531  |  loss_2:1.968  acc_2: 0.491
epoch: 60/ 150 iter:  80/ 125  |  loss_1: 1.973  acc_1: 0.493  |  loss_2:1.929  acc_2: 0.530
epoch: 60/ 150 iter:  90/ 125  |  loss_1: 1.913  acc_1: 0.545  |  loss_2:1.965  acc_2: 0.500
epoch: 60/ 150 iter: 100/ 125  |  loss_1: 1.915  acc_1: 0.543  |  loss_2:1.922  acc_2: 0.538
epoch: 60/ 150 iter: 110/ 125  |  loss_1: 1.887  acc_1: 0.571  |  loss_2:1.929  acc_2: 0.529
epoch: 60/ 150 iter: 120/ 125  |  loss_1: 1.930  acc_1: 0.531  |  loss_2:1.947  acc_2: 0.512
epoch: 61/ 150 iter:   0/ 125  |  loss_1: 1.906  acc_1: 0.554  |  loss_2:1.896  acc_2: 0.559
epoch: 61/ 150 iter:  10/ 125  |  loss_1: 1.930  acc_1: 0.525  |  loss_2:1.885  acc_2: 0.576
epoch: 61/ 150 iter:  20/ 125  |  loss_1: 1.939  acc_1: 0.524  |  loss_2:1.939  acc_2: 0.520
epoch: 61/ 150 iter:  30/ 125  |  loss_1: 1.931  acc_1: 0.527  |  loss_2:1.892  acc_2: 0.562
epoch: 61/ 150 iter:  40/ 125  |  loss_1: 1.944  acc_1: 0.521  |  loss_2:1.878  acc_2: 0.578
epoch: 61/ 150 iter:  50/ 125  |  loss_1: 1.951  acc_1: 0.508  |  loss_2:1.948  acc_2: 0.506
epoch: 61/ 150 iter:  60/ 125  |  loss_1: 2.013  acc_1: 0.447  |  loss_2:1.883  acc_2: 0.581
epoch: 61/ 150 iter:  70/ 125  |  loss_1: 1.922  acc_1: 0.544  |  loss_2:1.900  acc_2: 0.561
epoch: 61/ 150 iter:  80/ 125  |  loss_1: 1.954  acc_1: 0.507  |  loss_2:1.953  acc_2: 0.501
epoch: 61/ 150 iter:  90/ 125  |  loss_1: 1.957  acc_1: 0.497  |  loss_2:1.914  acc_2: 0.545
epoch: 61/ 150 iter: 100/ 125  |  loss_1: 1.960  acc_1: 0.495  |  loss_2:1.973  acc_2: 0.478
epoch: 61/ 150 iter: 110/ 125  |  loss_1: 1.955  acc_1: 0.496  |  loss_2:1.921  acc_2: 0.539
epoch: 61/ 150 iter: 120/ 125  |  loss_1: 1.928  acc_1: 0.521  |  loss_2:1.951  acc_2: 0.501
epoch: 62/ 150 iter:   0/ 125  |  loss_1: 1.934  acc_1: 0.528  |  loss_2:1.960  acc_2: 0.492
epoch: 62/ 150 iter:  10/ 125  |  loss_1: 1.941  acc_1: 0.512  |  loss_2:1.898  acc_2: 0.557
epoch: 62/ 150 iter:  20/ 125  |  loss_1: 1.962  acc_1: 0.496  |  loss_2:1.940  acc_2: 0.525
epoch: 62/ 150 iter:  30/ 125  |  loss_1: 1.923  acc_1: 0.528  |  loss_2:1.921  acc_2: 0.527
epoch: 62/ 150 iter:  40/ 125  |  loss_1: 1.950  acc_1: 0.506  |  loss_2:1.938  acc_2: 0.530
epoch: 62/ 150 iter:  50/ 125  |  loss_1: 1.915  acc_1: 0.547  |  loss_2:1.931  acc_2: 0.534
epoch: 62/ 150 iter:  60/ 125  |  loss_1: 1.950  acc_1: 0.501  |  loss_2:1.877  acc_2: 0.579
epoch: 62/ 150 iter:  70/ 125  |  loss_1: 1.941  acc_1: 0.509  |  loss_2:1.900  acc_2: 0.556
epoch: 62/ 150 iter:  80/ 125  |  loss_1: 1.929  acc_1: 0.528  |  loss_2:1.847  acc_2: 0.613
epoch: 62/ 150 iter:  90/ 125  |  loss_1: 1.947  acc_1: 0.510  |  loss_2:1.854  acc_2: 0.604
epoch: 62/ 150 iter: 100/ 125  |  loss_1: 1.954  acc_1: 0.503  |  loss_2:1.882  acc_2: 0.584
epoch: 62/ 150 iter: 110/ 125  |  loss_1: 1.979  acc_1: 0.482  |  loss_2:1.922  acc_2: 0.540
epoch: 62/ 150 iter: 120/ 125  |  loss_1: 1.926  acc_1: 0.539  |  loss_2:1.927  acc_2: 0.537
epoch: 63/ 150 iter:   0/ 125  |  loss_1: 1.960  acc_1: 0.504  |  loss_2:1.904  acc_2: 0.558
epoch: 63/ 150 iter:  10/ 125  |  loss_1: 1.928  acc_1: 0.522  |  loss_2:1.932  acc_2: 0.522
epoch: 63/ 150 iter:  20/ 125  |  loss_1: 1.925  acc_1: 0.535  |  loss_2:1.946  acc_2: 0.506
epoch: 63/ 150 iter:  30/ 125  |  loss_1: 1.921  acc_1: 0.532  |  loss_2:1.933  acc_2: 0.529
epoch: 63/ 150 iter:  40/ 125  |  loss_1: 1.943  acc_1: 0.519  |  loss_2:1.889  acc_2: 0.574
epoch: 63/ 150 iter:  50/ 125  |  loss_1: 1.965  acc_1: 0.491  |  loss_2:1.964  acc_2: 0.486
epoch: 63/ 150 iter:  60/ 125  |  loss_1: 1.918  acc_1: 0.541  |  loss_2:1.908  acc_2: 0.546
epoch: 63/ 150 iter:  70/ 125  |  loss_1: 1.895  acc_1: 0.564  |  loss_2:1.931  acc_2: 0.533
epoch: 63/ 150 iter:  80/ 125  |  loss_1: 1.965  acc_1: 0.488  |  loss_2:1.915  acc_2: 0.548
epoch: 63/ 150 iter:  90/ 125  |  loss_1: 1.945  acc_1: 0.508  |  loss_2:1.916  acc_2: 0.543
epoch: 63/ 150 iter: 100/ 125  |  loss_1: 1.940  acc_1: 0.518  |  loss_2:1.949  acc_2: 0.512
epoch: 63/ 150 iter: 110/ 125  |  loss_1: 1.927  acc_1: 0.535  |  loss_2:1.933  acc_2: 0.533
epoch: 63/ 150 iter: 120/ 125  |  loss_1: 1.934  acc_1: 0.523  |  loss_2:1.982  acc_2: 0.478
epoch: 64/ 150 iter:   0/ 125  |  loss_1: 1.894  acc_1: 0.575  |  loss_2:1.922  acc_2: 0.539
epoch: 64/ 150 iter:  10/ 125  |  loss_1: 1.946  acc_1: 0.521  |  loss_2:1.917  acc_2: 0.534
epoch: 64/ 150 iter:  20/ 125  |  loss_1: 1.932  acc_1: 0.520  |  loss_2:1.953  acc_2: 0.507
epoch: 64/ 150 iter:  30/ 125  |  loss_1: 1.887  acc_1: 0.573  |  loss_2:1.942  acc_2: 0.520
epoch: 64/ 150 iter:  40/ 125  |  loss_1: 1.906  acc_1: 0.560  |  loss_2:1.920  acc_2: 0.541
epoch: 64/ 150 iter:  50/ 125  |  loss_1: 1.969  acc_1: 0.491  |  loss_2:1.906  acc_2: 0.546
epoch: 64/ 150 iter:  60/ 125  |  loss_1: 1.933  acc_1: 0.534  |  loss_2:1.929  acc_2: 0.522
epoch: 64/ 150 iter:  70/ 125  |  loss_1: 1.885  acc_1: 0.580  |  loss_2:1.905  acc_2: 0.568
epoch: 64/ 150 iter:  80/ 125  |  loss_1: 1.922  acc_1: 0.545  |  loss_2:1.944  acc_2: 0.520
epoch: 64/ 150 iter:  90/ 125  |  loss_1: 1.899  acc_1: 0.562  |  loss_2:1.879  acc_2: 0.583
epoch: 64/ 150 iter: 100/ 125  |  loss_1: 1.942  acc_1: 0.513  |  loss_2:1.944  acc_2: 0.520
epoch: 64/ 150 iter: 110/ 125  |  loss_1: 1.957  acc_1: 0.506  |  loss_2:1.929  acc_2: 0.523
epoch: 64/ 150 iter: 120/ 125  |  loss_1: 1.900  acc_1: 0.558  |  loss_2:1.910  acc_2: 0.550
epoch: 65/ 150 iter:   0/ 125  |  loss_1: 1.946  acc_1: 0.506  |  loss_2:1.952  acc_2: 0.506
epoch: 65/ 150 iter:  10/ 125  |  loss_1: 1.898  acc_1: 0.558  |  loss_2:1.933  acc_2: 0.532
epoch: 65/ 150 iter:  20/ 125  |  loss_1: 1.914  acc_1: 0.536  |  loss_2:1.947  acc_2: 0.508
epoch: 65/ 150 iter:  30/ 125  |  loss_1: 1.935  acc_1: 0.528  |  loss_2:1.909  acc_2: 0.541
epoch: 65/ 150 iter:  40/ 125  |  loss_1: 1.943  acc_1: 0.524  |  loss_2:1.967  acc_2: 0.493
epoch: 65/ 150 iter:  50/ 125  |  loss_1: 1.930  acc_1: 0.528  |  loss_2:1.945  acc_2: 0.521
epoch: 65/ 150 iter:  60/ 125  |  loss_1: 1.930  acc_1: 0.535  |  loss_2:1.939  acc_2: 0.521
epoch: 65/ 150 iter:  70/ 125  |  loss_1: 1.929  acc_1: 0.528  |  loss_2:1.896  acc_2: 0.569
epoch: 65/ 150 iter:  80/ 125  |  loss_1: 1.966  acc_1: 0.497  |  loss_2:1.895  acc_2: 0.553
epoch: 65/ 150 iter:  90/ 125  |  loss_1: 1.915  acc_1: 0.551  |  loss_2:1.976  acc_2: 0.490
epoch: 65/ 150 iter: 100/ 125  |  loss_1: 1.972  acc_1: 0.481  |  loss_2:1.950  acc_2: 0.509
epoch: 65/ 150 iter: 110/ 125  |  loss_1: 1.932  acc_1: 0.539  |  loss_2:1.935  acc_2: 0.522
epoch: 65/ 150 iter: 120/ 125  |  loss_1: 1.938  acc_1: 0.518  |  loss_2:1.921  acc_2: 0.542
epoch: 66/ 150 iter:   0/ 125  |  loss_1: 1.937  acc_1: 0.516  |  loss_2:1.965  acc_2: 0.499
epoch: 66/ 150 iter:  10/ 125  |  loss_1: 1.914  acc_1: 0.544  |  loss_2:1.897  acc_2: 0.557
epoch: 66/ 150 iter:  20/ 125  |  loss_1: 1.892  acc_1: 0.566  |  loss_2:1.904  acc_2: 0.557
epoch: 66/ 150 iter:  30/ 125  |  loss_1: 1.931  acc_1: 0.524  |  loss_2:1.926  acc_2: 0.532
epoch: 66/ 150 iter:  40/ 125  |  loss_1: 1.971  acc_1: 0.490  |  loss_2:1.885  acc_2: 0.572
epoch: 66/ 150 iter:  50/ 125  |  loss_1: 1.891  acc_1: 0.568  |  loss_2:1.902  acc_2: 0.563
epoch: 66/ 150 iter:  60/ 125  |  loss_1: 1.957  acc_1: 0.503  |  loss_2:1.945  acc_2: 0.526
epoch: 66/ 150 iter:  70/ 125  |  loss_1: 1.872  acc_1: 0.581  |  loss_2:1.892  acc_2: 0.560
epoch: 66/ 150 iter:  80/ 125  |  loss_1: 1.953  acc_1: 0.516  |  loss_2:1.945  acc_2: 0.510
epoch: 66/ 150 iter:  90/ 125  |  loss_1: 1.931  acc_1: 0.524  |  loss_2:1.903  acc_2: 0.562
epoch: 66/ 150 iter: 100/ 125  |  loss_1: 1.939  acc_1: 0.520  |  loss_2:1.931  acc_2: 0.529
epoch: 66/ 150 iter: 110/ 125  |  loss_1: 1.930  acc_1: 0.521  |  loss_2:1.929  acc_2: 0.537
epoch: 66/ 150 iter: 120/ 125  |  loss_1: 1.904  acc_1: 0.562  |  loss_2:1.861  acc_2: 0.606
epoch: 67/ 150 iter:   0/ 125  |  loss_1: 1.919  acc_1: 0.538  |  loss_2:1.897  acc_2: 0.561
epoch: 67/ 150 iter:  10/ 125  |  loss_1: 1.966  acc_1: 0.493  |  loss_2:1.897  acc_2: 0.558
epoch: 67/ 150 iter:  20/ 125  |  loss_1: 1.897  acc_1: 0.571  |  loss_2:1.889  acc_2: 0.565
epoch: 67/ 150 iter:  30/ 125  |  loss_1: 1.944  acc_1: 0.517  |  loss_2:1.960  acc_2: 0.500
epoch: 67/ 150 iter:  40/ 125  |  loss_1: 1.968  acc_1: 0.492  |  loss_2:1.933  acc_2: 0.526
epoch: 67/ 150 iter:  50/ 125  |  loss_1: 2.005  acc_1: 0.446  |  loss_2:1.894  acc_2: 0.568
epoch: 67/ 150 iter:  60/ 125  |  loss_1: 1.957  acc_1: 0.502  |  loss_2:1.965  acc_2: 0.490
epoch: 67/ 150 iter:  70/ 125  |  loss_1: 1.959  acc_1: 0.500  |  loss_2:1.937  acc_2: 0.524
epoch: 67/ 150 iter:  80/ 125  |  loss_1: 1.893  acc_1: 0.561  |  loss_2:1.934  acc_2: 0.528
epoch: 67/ 150 iter:  90/ 125  |  loss_1: 1.920  acc_1: 0.547  |  loss_2:1.912  acc_2: 0.559
epoch: 67/ 150 iter: 100/ 125  |  loss_1: 1.947  acc_1: 0.512  |  loss_2:1.929  acc_2: 0.527
epoch: 67/ 150 iter: 110/ 125  |  loss_1: 1.937  acc_1: 0.509  |  loss_2:1.915  acc_2: 0.538
epoch: 67/ 150 iter: 120/ 125  |  loss_1: 1.902  acc_1: 0.559  |  loss_2:1.949  acc_2: 0.510
epoch: 68/ 150 iter:   0/ 125  |  loss_1: 1.889  acc_1: 0.577  |  loss_2:1.912  acc_2: 0.542
epoch: 68/ 150 iter:  10/ 125  |  loss_1: 1.936  acc_1: 0.527  |  loss_2:1.905  acc_2: 0.557
epoch: 68/ 150 iter:  20/ 125  |  loss_1: 1.931  acc_1: 0.531  |  loss_2:1.880  acc_2: 0.589
epoch: 68/ 150 iter:  30/ 125  |  loss_1: 1.932  acc_1: 0.516  |  loss_2:1.930  acc_2: 0.528
epoch: 68/ 150 iter:  40/ 125  |  loss_1: 1.902  acc_1: 0.557  |  loss_2:1.905  acc_2: 0.549
epoch: 68/ 150 iter:  50/ 125  |  loss_1: 1.928  acc_1: 0.528  |  loss_2:1.980  acc_2: 0.472
epoch: 68/ 150 iter:  60/ 125  |  loss_1: 1.987  acc_1: 0.466  |  loss_2:1.930  acc_2: 0.528
epoch: 68/ 150 iter:  70/ 125  |  loss_1: 1.856  acc_1: 0.605  |  loss_2:1.924  acc_2: 0.525
epoch: 68/ 150 iter:  80/ 125  |  loss_1: 1.916  acc_1: 0.548  |  loss_2:1.932  acc_2: 0.527
epoch: 68/ 150 iter:  90/ 125  |  loss_1: 1.932  acc_1: 0.530  |  loss_2:1.940  acc_2: 0.523
epoch: 68/ 150 iter: 100/ 125  |  loss_1: 1.915  acc_1: 0.545  |  loss_2:1.903  acc_2: 0.561
epoch: 68/ 150 iter: 110/ 125  |  loss_1: 1.920  acc_1: 0.537  |  loss_2:1.971  acc_2: 0.488
epoch: 68/ 150 iter: 120/ 125  |  loss_1: 1.959  acc_1: 0.502  |  loss_2:1.923  acc_2: 0.529
epoch: 69/ 150 iter:   0/ 125  |  loss_1: 1.910  acc_1: 0.543  |  loss_2:1.921  acc_2: 0.548
epoch: 69/ 150 iter:  10/ 125  |  loss_1: 1.910  acc_1: 0.557  |  loss_2:1.905  acc_2: 0.548
epoch: 69/ 150 iter:  20/ 125  |  loss_1: 1.940  acc_1: 0.521  |  loss_2:1.909  acc_2: 0.563
epoch: 69/ 150 iter:  30/ 125  |  loss_1: 1.891  acc_1: 0.564  |  loss_2:1.974  acc_2: 0.491
epoch: 69/ 150 iter:  40/ 125  |  loss_1: 1.915  acc_1: 0.539  |  loss_2:1.959  acc_2: 0.500
epoch: 69/ 150 iter:  50/ 125  |  loss_1: 1.943  acc_1: 0.517  |  loss_2:1.926  acc_2: 0.534
epoch: 69/ 150 iter:  60/ 125  |  loss_1: 1.922  acc_1: 0.544  |  loss_2:1.916  acc_2: 0.549
epoch: 69/ 150 iter:  70/ 125  |  loss_1: 1.931  acc_1: 0.524  |  loss_2:1.917  acc_2: 0.544
epoch: 69/ 150 iter:  80/ 125  |  loss_1: 1.934  acc_1: 0.523  |  loss_2:1.927  acc_2: 0.535
epoch: 69/ 150 iter:  90/ 125  |  loss_1: 1.933  acc_1: 0.525  |  loss_2:1.971  acc_2: 0.487
epoch: 69/ 150 iter: 100/ 125  |  loss_1: 1.960  acc_1: 0.492  |  loss_2:1.952  acc_2: 0.501
epoch: 69/ 150 iter: 110/ 125  |  loss_1: 1.922  acc_1: 0.540  |  loss_2:1.944  acc_2: 0.512
epoch: 69/ 150 iter: 120/ 125  |  loss_1: 1.998  acc_1: 0.460  |  loss_2:1.934  acc_2: 0.529
epoch: 70/ 150 iter:   0/ 125  |  loss_1: 1.894  acc_1: 0.567  |  loss_2:1.952  acc_2: 0.500
epoch: 70/ 150 iter:  10/ 125  |  loss_1: 1.939  acc_1: 0.521  |  loss_2:1.923  acc_2: 0.533
epoch: 70/ 150 iter:  20/ 125  |  loss_1: 1.943  acc_1: 0.512  |  loss_2:1.953  acc_2: 0.497
epoch: 70/ 150 iter:  30/ 125  |  loss_1: 1.922  acc_1: 0.545  |  loss_2:1.892  acc_2: 0.563
epoch: 70/ 150 iter:  40/ 125  |  loss_1: 1.928  acc_1: 0.531  |  loss_2:1.844  acc_2: 0.610
epoch: 70/ 150 iter:  50/ 125  |  loss_1: 1.932  acc_1: 0.533  |  loss_2:1.943  acc_2: 0.504
epoch: 70/ 150 iter:  60/ 125  |  loss_1: 1.952  acc_1: 0.511  |  loss_2:1.917  acc_2: 0.536
epoch: 70/ 150 iter:  70/ 125  |  loss_1: 1.913  acc_1: 0.558  |  loss_2:1.929  acc_2: 0.534
epoch: 70/ 150 iter:  80/ 125  |  loss_1: 1.931  acc_1: 0.524  |  loss_2:1.912  acc_2: 0.540
epoch: 70/ 150 iter:  90/ 125  |  loss_1: 1.925  acc_1: 0.547  |  loss_2:1.911  acc_2: 0.548
epoch: 70/ 150 iter: 100/ 125  |  loss_1: 1.938  acc_1: 0.521  |  loss_2:1.902  acc_2: 0.559
epoch: 70/ 150 iter: 110/ 125  |  loss_1: 1.932  acc_1: 0.529  |  loss_2:1.909  acc_2: 0.560
epoch: 70/ 150 iter: 120/ 125  |  loss_1: 1.930  acc_1: 0.529  |  loss_2:1.965  acc_2: 0.493
epoch: 71/ 150 iter:   0/ 125  |  loss_1: 1.952  acc_1: 0.507  |  loss_2:1.892  acc_2: 0.566
epoch: 71/ 150 iter:  10/ 125  |  loss_1: 1.946  acc_1: 0.513  |  loss_2:1.957  acc_2: 0.494
epoch: 71/ 150 iter:  20/ 125  |  loss_1: 1.950  acc_1: 0.514  |  loss_2:1.936  acc_2: 0.515
epoch: 71/ 150 iter:  30/ 125  |  loss_1: 1.939  acc_1: 0.527  |  loss_2:1.893  acc_2: 0.576
epoch: 71/ 150 iter:  40/ 125  |  loss_1: 1.948  acc_1: 0.520  |  loss_2:1.919  acc_2: 0.537
epoch: 71/ 150 iter:  50/ 125  |  loss_1: 1.999  acc_1: 0.450  |  loss_2:1.912  acc_2: 0.552
epoch: 71/ 150 iter:  60/ 125  |  loss_1: 1.923  acc_1: 0.548  |  loss_2:1.885  acc_2: 0.579
epoch: 71/ 150 iter:  70/ 125  |  loss_1: 1.915  acc_1: 0.547  |  loss_2:1.940  acc_2: 0.513
epoch: 71/ 150 iter:  80/ 125  |  loss_1: 1.953  acc_1: 0.505  |  loss_2:1.940  acc_2: 0.516
epoch: 71/ 150 iter:  90/ 125  |  loss_1: 1.941  acc_1: 0.517  |  loss_2:1.879  acc_2: 0.577
epoch: 71/ 150 iter: 100/ 125  |  loss_1: 1.959  acc_1: 0.492  |  loss_2:1.936  acc_2: 0.524
epoch: 71/ 150 iter: 110/ 125  |  loss_1: 1.949  acc_1: 0.503  |  loss_2:1.932  acc_2: 0.531
epoch: 71/ 150 iter: 120/ 125  |  loss_1: 1.912  acc_1: 0.548  |  loss_2:1.914  acc_2: 0.543
epoch: 72/ 150 iter:   0/ 125  |  loss_1: 1.920  acc_1: 0.553  |  loss_2:1.923  acc_2: 0.536
epoch: 72/ 150 iter:  10/ 125  |  loss_1: 1.909  acc_1: 0.556  |  loss_2:1.928  acc_2: 0.527
epoch: 72/ 150 iter:  20/ 125  |  loss_1: 1.924  acc_1: 0.536  |  loss_2:1.934  acc_2: 0.519
epoch: 72/ 150 iter:  30/ 125  |  loss_1: 1.904  acc_1: 0.553  |  loss_2:1.938  acc_2: 0.523
epoch: 72/ 150 iter:  40/ 125  |  loss_1: 1.937  acc_1: 0.520  |  loss_2:1.920  acc_2: 0.536
epoch: 72/ 150 iter:  50/ 125  |  loss_1: 1.940  acc_1: 0.507  |  loss_2:1.970  acc_2: 0.491
epoch: 72/ 150 iter:  60/ 125  |  loss_1: 1.866  acc_1: 0.599  |  loss_2:1.954  acc_2: 0.512
epoch: 72/ 150 iter:  70/ 125  |  loss_1: 1.931  acc_1: 0.526  |  loss_2:1.903  acc_2: 0.560
epoch: 72/ 150 iter:  80/ 125  |  loss_1: 1.903  acc_1: 0.567  |  loss_2:1.885  acc_2: 0.569
epoch: 72/ 150 iter:  90/ 125  |  loss_1: 1.969  acc_1: 0.491  |  loss_2:1.874  acc_2: 0.601
epoch: 72/ 150 iter: 100/ 125  |  loss_1: 1.940  acc_1: 0.534  |  loss_2:1.936  acc_2: 0.517
epoch: 72/ 150 iter: 110/ 125  |  loss_1: 1.936  acc_1: 0.528  |  loss_2:1.930  acc_2: 0.526
epoch: 72/ 150 iter: 120/ 125  |  loss_1: 1.907  acc_1: 0.557  |  loss_2:1.922  acc_2: 0.524
epoch: 73/ 150 iter:   0/ 125  |  loss_1: 1.935  acc_1: 0.526  |  loss_2:1.914  acc_2: 0.539
epoch: 73/ 150 iter:  10/ 125  |  loss_1: 1.945  acc_1: 0.510  |  loss_2:1.918  acc_2: 0.534
epoch: 73/ 150 iter:  20/ 125  |  loss_1: 1.929  acc_1: 0.527  |  loss_2:1.924  acc_2: 0.536
epoch: 73/ 150 iter:  30/ 125  |  loss_1: 1.937  acc_1: 0.527  |  loss_2:1.970  acc_2: 0.492
epoch: 73/ 150 iter:  40/ 125  |  loss_1: 1.907  acc_1: 0.557  |  loss_2:1.943  acc_2: 0.526
epoch: 73/ 150 iter:  50/ 125  |  loss_1: 1.911  acc_1: 0.550  |  loss_2:1.927  acc_2: 0.531
epoch: 73/ 150 iter:  60/ 125  |  loss_1: 1.960  acc_1: 0.496  |  loss_2:1.898  acc_2: 0.563
epoch: 73/ 150 iter:  70/ 125  |  loss_1: 1.906  acc_1: 0.555  |  loss_2:1.990  acc_2: 0.480
epoch: 73/ 150 iter:  80/ 125  |  loss_1: 1.951  acc_1: 0.506  |  loss_2:1.916  acc_2: 0.545
epoch: 73/ 150 iter:  90/ 125  |  loss_1: 1.988  acc_1: 0.469  |  loss_2:1.982  acc_2: 0.478
epoch: 73/ 150 iter: 100/ 125  |  loss_1: 1.912  acc_1: 0.556  |  loss_2:1.906  acc_2: 0.558
epoch: 73/ 150 iter: 110/ 125  |  loss_1: 1.916  acc_1: 0.549  |  loss_2:1.929  acc_2: 0.535
epoch: 73/ 150 iter: 120/ 125  |  loss_1: 1.916  acc_1: 0.540  |  loss_2:1.957  acc_2: 0.496
epoch: 74/ 150 iter:   0/ 125  |  loss_1: 1.924  acc_1: 0.536  |  loss_2:1.949  acc_2: 0.497
epoch: 74/ 150 iter:  10/ 125  |  loss_1: 1.919  acc_1: 0.546  |  loss_2:1.904  acc_2: 0.557
epoch: 74/ 150 iter:  20/ 125  |  loss_1: 1.944  acc_1: 0.505  |  loss_2:1.952  acc_2: 0.506
epoch: 74/ 150 iter:  30/ 125  |  loss_1: 1.914  acc_1: 0.544  |  loss_2:1.923  acc_2: 0.536
epoch: 74/ 150 iter:  40/ 125  |  loss_1: 1.944  acc_1: 0.510  |  loss_2:1.890  acc_2: 0.568
epoch: 74/ 150 iter:  50/ 125  |  loss_1: 1.945  acc_1: 0.516  |  loss_2:1.904  acc_2: 0.558
epoch: 74/ 150 iter:  60/ 125  |  loss_1: 1.937  acc_1: 0.530  |  loss_2:1.929  acc_2: 0.533
epoch: 74/ 150 iter:  70/ 125  |  loss_1: 1.918  acc_1: 0.543  |  loss_2:1.945  acc_2: 0.516
epoch: 74/ 150 iter:  80/ 125  |  loss_1: 1.927  acc_1: 0.540  |  loss_2:1.917  acc_2: 0.547
epoch: 74/ 150 iter:  90/ 125  |  loss_1: 1.928  acc_1: 0.529  |  loss_2:1.930  acc_2: 0.527
epoch: 74/ 150 iter: 100/ 125  |  loss_1: 1.913  acc_1: 0.561  |  loss_2:1.920  acc_2: 0.536
epoch: 74/ 150 iter: 110/ 125  |  loss_1: 1.937  acc_1: 0.526  |  loss_2:1.918  acc_2: 0.542
epoch: 74/ 150 iter: 120/ 125  |  loss_1: 1.916  acc_1: 0.537  |  loss_2:1.931  acc_2: 0.533
epoch: 75/ 150 iter:   0/ 125  |  loss_1: 1.944  acc_1: 0.514  |  loss_2:1.904  acc_2: 0.557
epoch: 75/ 150 iter:  10/ 125  |  loss_1: 1.920  acc_1: 0.543  |  loss_2:1.909  acc_2: 0.549
epoch: 75/ 150 iter:  20/ 125  |  loss_1: 1.887  acc_1: 0.580  |  loss_2:1.963  acc_2: 0.477
epoch: 75/ 150 iter:  30/ 125  |  loss_1: 1.945  acc_1: 0.516  |  loss_2:1.923  acc_2: 0.534
epoch: 75/ 150 iter:  40/ 125  |  loss_1: 1.883  acc_1: 0.584  |  loss_2:1.931  acc_2: 0.530
epoch: 75/ 150 iter:  50/ 125  |  loss_1: 1.860  acc_1: 0.603  |  loss_2:1.908  acc_2: 0.554
epoch: 75/ 150 iter:  60/ 125  |  loss_1: 1.900  acc_1: 0.563  |  loss_2:1.968  acc_2: 0.484
epoch: 75/ 150 iter:  70/ 125  |  loss_1: 1.931  acc_1: 0.534  |  loss_2:1.877  acc_2: 0.577
epoch: 75/ 150 iter:  80/ 125  |  loss_1: 1.954  acc_1: 0.506  |  loss_2:1.939  acc_2: 0.515
epoch: 75/ 150 iter:  90/ 125  |  loss_1: 1.961  acc_1: 0.499  |  loss_2:1.897  acc_2: 0.558
epoch: 75/ 150 iter: 100/ 125  |  loss_1: 1.930  acc_1: 0.524  |  loss_2:1.881  acc_2: 0.587
epoch: 75/ 150 iter: 110/ 125  |  loss_1: 1.911  acc_1: 0.545  |  loss_2:1.868  acc_2: 0.585
epoch: 75/ 150 iter: 120/ 125  |  loss_1: 1.917  acc_1: 0.548  |  loss_2:1.921  acc_2: 0.537
epoch: 76/ 150 iter:   0/ 125  |  loss_1: 1.920  acc_1: 0.539  |  loss_2:1.907  acc_2: 0.558
epoch: 76/ 150 iter:  10/ 125  |  loss_1: 1.927  acc_1: 0.547  |  loss_2:1.916  acc_2: 0.546
epoch: 76/ 150 iter:  20/ 125  |  loss_1: 1.932  acc_1: 0.529  |  loss_2:1.927  acc_2: 0.526
epoch: 76/ 150 iter:  30/ 125  |  loss_1: 1.861  acc_1: 0.598  |  loss_2:1.917  acc_2: 0.549
epoch: 76/ 150 iter:  40/ 125  |  loss_1: 1.925  acc_1: 0.538  |  loss_2:1.939  acc_2: 0.520
epoch: 76/ 150 iter:  50/ 125  |  loss_1: 1.923  acc_1: 0.540  |  loss_2:1.954  acc_2: 0.507
epoch: 76/ 150 iter:  60/ 125  |  loss_1: 1.921  acc_1: 0.543  |  loss_2:1.900  acc_2: 0.556
epoch: 76/ 150 iter:  70/ 125  |  loss_1: 1.972  acc_1: 0.488  |  loss_2:1.956  acc_2: 0.509
epoch: 76/ 150 iter:  80/ 125  |  loss_1: 1.907  acc_1: 0.547  |  loss_2:1.927  acc_2: 0.524
epoch: 76/ 150 iter:  90/ 125  |  loss_1: 1.965  acc_1: 0.491  |  loss_2:1.936  acc_2: 0.518
epoch: 76/ 150 iter: 100/ 125  |  loss_1: 1.960  acc_1: 0.499  |  loss_2:1.896  acc_2: 0.565
epoch: 76/ 150 iter: 110/ 125  |  loss_1: 1.920  acc_1: 0.548  |  loss_2:1.938  acc_2: 0.523
epoch: 76/ 150 iter: 120/ 125  |  loss_1: 1.955  acc_1: 0.497  |  loss_2:1.944  acc_2: 0.513
epoch: 77/ 150 iter:   0/ 125  |  loss_1: 1.899  acc_1: 0.558  |  loss_2:1.956  acc_2: 0.500
epoch: 77/ 150 iter:  10/ 125  |  loss_1: 1.934  acc_1: 0.526  |  loss_2:1.884  acc_2: 0.575
epoch: 77/ 150 iter:  20/ 125  |  loss_1: 1.911  acc_1: 0.558  |  loss_2:1.953  acc_2: 0.506
epoch: 77/ 150 iter:  30/ 125  |  loss_1: 1.963  acc_1: 0.493  |  loss_2:1.884  acc_2: 0.583
epoch: 77/ 150 iter:  40/ 125  |  loss_1: 1.969  acc_1: 0.486  |  loss_2:1.960  acc_2: 0.496
epoch: 77/ 150 iter:  50/ 125  |  loss_1: 1.933  acc_1: 0.526  |  loss_2:1.927  acc_2: 0.538
epoch: 77/ 150 iter:  60/ 125  |  loss_1: 1.965  acc_1: 0.494  |  loss_2:1.903  acc_2: 0.558
epoch: 77/ 150 iter:  70/ 125  |  loss_1: 1.968  acc_1: 0.486  |  loss_2:1.914  acc_2: 0.553
epoch: 77/ 150 iter:  80/ 125  |  loss_1: 1.929  acc_1: 0.528  |  loss_2:1.874  acc_2: 0.587
epoch: 77/ 150 iter:  90/ 125  |  loss_1: 1.932  acc_1: 0.523  |  loss_2:1.934  acc_2: 0.524
epoch: 77/ 150 iter: 100/ 125  |  loss_1: 1.929  acc_1: 0.519  |  loss_2:1.912  acc_2: 0.548
epoch: 77/ 150 iter: 110/ 125  |  loss_1: 1.941  acc_1: 0.509  |  loss_2:1.942  acc_2: 0.509
epoch: 77/ 150 iter: 120/ 125  |  loss_1: 1.980  acc_1: 0.478  |  loss_2:1.916  acc_2: 0.540
epoch: 78/ 150 iter:   0/ 125  |  loss_1: 1.967  acc_1: 0.493  |  loss_2:1.986  acc_2: 0.469
epoch: 78/ 150 iter:  10/ 125  |  loss_1: 1.930  acc_1: 0.532  |  loss_2:1.926  acc_2: 0.529
epoch: 78/ 150 iter:  20/ 125  |  loss_1: 1.919  acc_1: 0.542  |  loss_2:1.911  acc_2: 0.549
epoch: 78/ 150 iter:  30/ 125  |  loss_1: 1.940  acc_1: 0.521  |  loss_2:1.918  acc_2: 0.539
epoch: 78/ 150 iter:  40/ 125  |  loss_1: 1.904  acc_1: 0.561  |  loss_2:1.871  acc_2: 0.598
epoch: 78/ 150 iter:  50/ 125  |  loss_1: 1.900  acc_1: 0.565  |  loss_2:1.934  acc_2: 0.521
epoch: 78/ 150 iter:  60/ 125  |  loss_1: 1.917  acc_1: 0.534  |  loss_2:1.898  acc_2: 0.561
epoch: 78/ 150 iter:  70/ 125  |  loss_1: 1.930  acc_1: 0.542  |  loss_2:1.975  acc_2: 0.486
epoch: 78/ 150 iter:  80/ 125  |  loss_1: 1.898  acc_1: 0.560  |  loss_2:1.948  acc_2: 0.507
epoch: 78/ 150 iter:  90/ 125  |  loss_1: 1.956  acc_1: 0.507  |  loss_2:1.944  acc_2: 0.519
epoch: 78/ 150 iter: 100/ 125  |  loss_1: 1.931  acc_1: 0.530  |  loss_2:1.921  acc_2: 0.535
epoch: 78/ 150 iter: 110/ 125  |  loss_1: 1.922  acc_1: 0.535  |  loss_2:1.871  acc_2: 0.595
epoch: 78/ 150 iter: 120/ 125  |  loss_1: 1.938  acc_1: 0.520  |  loss_2:1.961  acc_2: 0.493
epoch: 79/ 150 iter:   0/ 125  |  loss_1: 1.859  acc_1: 0.600  |  loss_2:1.952  acc_2: 0.501
epoch: 79/ 150 iter:  10/ 125  |  loss_1: 1.893  acc_1: 0.565  |  loss_2:1.932  acc_2: 0.525
epoch: 79/ 150 iter:  20/ 125  |  loss_1: 1.942  acc_1: 0.528  |  loss_2:1.930  acc_2: 0.530
epoch: 79/ 150 iter:  30/ 125  |  loss_1: 1.894  acc_1: 0.571  |  loss_2:1.930  acc_2: 0.533
epoch: 79/ 150 iter:  40/ 125  |  loss_1: 1.915  acc_1: 0.543  |  loss_2:1.932  acc_2: 0.535
epoch: 79/ 150 iter:  50/ 125  |  loss_1: 1.933  acc_1: 0.526  |  loss_2:1.944  acc_2: 0.510
epoch: 79/ 150 iter:  60/ 125  |  loss_1: 1.905  acc_1: 0.558  |  loss_2:1.855  acc_2: 0.609
epoch: 79/ 150 iter:  70/ 125  |  loss_1: 1.926  acc_1: 0.536  |  loss_2:1.907  acc_2: 0.562
epoch: 79/ 150 iter:  80/ 125  |  loss_1: 1.937  acc_1: 0.522  |  loss_2:1.902  acc_2: 0.563
epoch: 79/ 150 iter:  90/ 125  |  loss_1: 1.877  acc_1: 0.584  |  loss_2:1.872  acc_2: 0.579
epoch: 79/ 150 iter: 100/ 125  |  loss_1: 2.038  acc_1: 0.417  |  loss_2:1.960  acc_2: 0.495
epoch: 79/ 150 iter: 110/ 125  |  loss_1: 1.862  acc_1: 0.603  |  loss_2:1.890  acc_2: 0.569
epoch: 79/ 150 iter: 120/ 125  |  loss_1: 1.938  acc_1: 0.519  |  loss_2:1.978  acc_2: 0.477
epoch: 80/ 150 iter:   0/ 125  |  loss_1: 1.880  acc_1: 0.579  |  loss_2:1.920  acc_2: 0.534
